# Logfile created on Thu Apr 16 15:08:01 -0700 2009 by /
# Fields: job_user job_sys job_real
2009-04-16T15:08:09-07:00 12361-1239919689-2607 0.100329 0.000100 0.000100
2009-04-16T15:08:10-07:00 12361-1239919690-8258 0.100201 0.000100 0.000100
2009-04-16T15:08:10-07:00 12361-1239919690-8881 0.100187 0.000100 0.000100
2009-04-16T15:08:10-07:00 12361-1239919690-2490 0.100218 0.000100 0.000100
2009-04-16T15:08:28-07:00 12361-1239919708-2619 0.100217 0.000100 0.000100
2009-04-16T15:08:28-07:00 12361-1239919708-7507 0.100205 0.000100 0.000100
2009-04-16T15:08:28-07:00 12361-1239919708-6755 0.100214 0.000100 0.000100
2009-04-16T15:08:28-07:00 12361-1239919708-8567 0.100134 0.000100 0.000100
2009-04-16T15:08:28-07:00 12361-1239919708-7505 0.100206 0.000100 0.000100
2009-04-16T15:08:29-07:00 12361-1239919708-4527 0.100214 0.000100 0.000100
2009-04-16T15:08:29-07:00 12361-1239919709-8087 0.100137 0.000100 0.000100
2009-04-16T15:08:29-07:00 12361-1239919709-7173 0.100189 0.000100 0.000100
2009-04-16T15:08:29-07:00 12361-1239919709-7126 0.100206 0.000100 0.000100
2009-04-16T15:08:29-07:00 12361-1239919709-2714 0.100206 0.000100 0.000100
2009-04-16T15:08:29-07:00 12361-1239919709-3106 0.100209 0.000100 0.000100
2009-04-16T15:08:29-07:00 12361-1239919709-3774 0.100215 0.000100 0.000100
2009-04-16T15:08:29-07:00 12361-1239919709-9050 0.100204 0.000100 0.000100
2009-04-16T15:08:29-07:00 12361-1239919709-5580 0.100137 0.000100 0.000100
2009-04-16T15:08:29-07:00 12361-1239919709-5411 0.100213 0.000100 0.000100
2009-04-16T15:08:30-07:00 12361-1239919709-3852 0.100220 0.000100 0.000100
2009-04-16T15:08:30-07:00 12361-1239919710-9782 0.100218 0.000100 0.000100
2009-04-16T15:08:30-07:00 12361-1239919710-3028 0.100219 0.000100 0.000100
2009-04-16T15:08:30-07:00 12361-1239919710-9237 0.100109 0.000100 0.000100
2009-04-16T15:08:30-07:00 12361-1239919710-7488 0.100220 0.000100 0.000100
2009-04-16T15:08:30-07:00 12361-1239919710-8649 0.100218 0.000100 0.000100
2009-04-16T15:08:30-07:00 12361-1239919710-353 0.100218 0.000100 0.000100
2009-04-16T15:08:30-07:00 12361-1239919710-7375 0.100276 0.000100 0.000100
2009-04-16T15:08:30-07:00 12361-1239919710-8217 0.100145 0.000100 0.000100
2009-04-16T15:08:30-07:00 12361-1239919710-9260 0.100222 0.000100 0.000100
2009-04-16T15:08:31-07:00 12361-1239919710-7187 0.100220 0.000100 0.000100
2009-04-16T15:08:31-07:00 12361-1239919711-7474 0.100104 0.000100 0.000100
2009-04-16T15:08:31-07:00 12361-1239919711-3741 0.100221 0.000100 0.000100
2009-04-16T15:08:31-07:00 12361-1239919711-7205 0.100232 0.000100 0.000100
2009-04-16T15:08:31-07:00 12361-1239919711-901 0.100216 0.000100 0.000100
2009-04-16T15:08:31-07:00 12361-1239919711-3042 0.100220 0.000100 0.000100
2009-04-16T15:08:31-07:00 12361-1239919711-9221 0.100218 0.000100 0.000100
2009-04-16T15:08:31-07:00 12361-1239919711-6057 0.100225 0.000100 0.000100
2009-04-16T15:08:31-07:00 12361-1239919711-1610 0.100151 0.000100 0.000100
2009-04-16T15:08:31-07:00 12361-1239919711-496 0.100224 0.000100 0.000100
2009-04-16T15:08:32-07:00 12361-1239919711-8863 0.100222 0.000100 0.000100
2009-04-16T15:08:32-07:00 12361-1239919712-8625 0.100191 0.000100 0.000100
2009-04-16T15:08:32-07:00 12361-1239919712-3976 0.100220 0.000100 0.000100
2009-04-16T15:08:32-07:00 12361-1239919712-7020 0.100326 0.000100 0.000100
2009-04-16T15:08:32-07:00 12361-1239919712-5893 0.100219 0.000100 0.000100
2009-04-16T15:08:32-07:00 12361-1239919712-5380 0.100215 0.000100 0.000100
2009-04-16T15:08:32-07:00 12361-1239919712-1497 0.100251 0.000100 0.000100
2009-04-16T15:08:32-07:00 12361-1239919712-3383 0.100220 0.000100 0.000100
2009-04-16T15:08:32-07:00 12361-1239919712-3433 0.100150 0.000100 0.000100
2009-04-16T15:08:32-07:00 12361-1239919712-3162 0.100223 0.000100 0.000100
2009-04-16T15:08:33-07:00 12361-1239919712-1317 0.100219 0.000100 0.000100
2009-04-16T15:08:33-07:00 12361-1239919713-3331 0.100222 0.000100 0.000100
2009-04-16T15:08:33-07:00 12361-1239919713-5580 0.100215 0.000100 0.000100
2009-04-16T15:08:33-07:00 12361-1239919713-9913 0.100216 0.000100 0.000100
2009-04-16T15:08:33-07:00 12361-1239919713-5586 0.100221 0.000100 0.000100
2009-04-16T15:08:33-07:00 12361-1239919713-8086 0.100219 0.000100 0.000100
2009-04-16T15:08:33-07:00 12361-1239919713-8759 0.100221 0.000100 0.000100
2009-04-16T15:08:33-07:00 12361-1239919713-9693 0.100196 0.000100 0.000100
2009-04-16T15:08:33-07:00 12361-1239919713-3057 0.100186 0.000100 0.000100
2009-04-16T15:08:33-07:00 12361-1239919713-1426 0.100223 0.000100 0.000100
2009-04-16T15:08:34-07:00 12361-1239919713-9402 0.100221 0.000100 0.000100
2009-04-16T15:08:34-07:00 12361-1239919714-4256 0.100220 0.000100 0.000100
2009-04-16T15:08:34-07:00 12361-1239919714-776 0.100221 0.000100 0.000100
2009-04-16T15:08:34-07:00 12361-1239919714-7876 0.100226 0.000100 0.000100
2009-04-16T15:08:34-07:00 12361-1239919714-3947 0.100218 0.000100 0.000100
2009-04-16T15:08:34-07:00 12361-1239919714-7844 0.100219 0.000100 0.000100
2009-04-16T15:08:34-07:00 12361-1239919714-9737 0.100218 0.000100 0.000100
2009-04-16T15:08:34-07:00 12361-1239919714-4533 0.100152 0.010000 0.000100
2009-04-16T15:08:34-07:00 12361-1239919714-9902 0.100220 0.000100 0.000100
2009-04-16T15:08:34-07:00 12361-1239919714-3186 0.100225 0.000100 0.000100
2009-04-16T15:08:35-07:00 12361-1239919714-8238 0.100218 0.000100 0.000100
2009-04-16T15:08:35-07:00 12361-1239919715-8342 0.100221 0.000100 0.000100
2009-04-16T15:08:35-07:00 12361-1239919715-6955 0.100218 0.000100 0.000100
2009-04-16T15:08:35-07:00 12361-1239919715-3946 0.100218 0.000100 0.000100
2009-04-16T15:08:35-07:00 12361-1239919715-8244 0.100218 0.000100 0.000100
2009-04-16T15:08:35-07:00 12361-1239919715-2540 0.100224 0.000100 0.000100
2009-04-16T15:08:35-07:00 12361-1239919715-8084 0.100205 0.000100 0.000100
2009-04-16T15:08:35-07:00 12361-1239919715-1265 0.100121 0.000100 0.000100
2009-04-16T15:08:35-07:00 12361-1239919715-8678 0.100217 0.000100 0.000100
2009-04-16T15:08:36-07:00 12361-1239919715-7450 0.100221 0.000100 0.000100
2009-04-16T15:08:36-07:00 12361-1239919716-5225 0.100218 0.000100 0.000100
2009-04-16T15:08:36-07:00 12361-1239919716-3408 0.100226 0.000100 0.000100
2009-04-16T15:08:36-07:00 12361-1239919716-3509 0.100220 0.000100 0.000100
2009-04-16T15:08:36-07:00 12361-1239919716-9852 0.100225 0.000100 0.000100
2009-04-16T15:08:36-07:00 12361-1239919716-4848 0.100109 0.000100 0.000100
2009-04-16T15:08:36-07:00 12361-1239919716-7852 0.100220 0.000100 0.000100
2009-04-16T15:08:36-07:00 12361-1239919716-3548 0.100219 0.000100 0.000100
2009-04-16T15:08:36-07:00 12361-1239919716-5650 0.100120 0.000100 0.000100
2009-04-16T15:08:36-07:00 12361-1239919716-2049 0.100228 0.000100 0.000100
2009-04-16T15:08:37-07:00 12361-1239919716-4104 0.100226 0.000100 0.000100
2009-04-16T15:08:37-07:00 12361-1239919717-6597 0.100219 0.000100 0.000100
2009-04-16T15:08:37-07:00 12361-1239919717-8307 0.100221 0.000100 0.000100
2009-04-16T15:08:37-07:00 12361-1239919717-6901 0.100229 0.000100 0.000100
2009-04-16T15:08:37-07:00 12361-1239919717-2399 0.100219 0.000100 0.000100
2009-04-16T15:08:37-07:00 12361-1239919717-2109 0.100223 0.000100 0.000100
2009-04-16T15:08:37-07:00 12361-1239919717-3864 0.100220 0.000100 0.000100
2009-04-16T15:08:37-07:00 12361-1239919717-7218 0.100220 0.000100 0.000100
2009-04-16T15:08:37-07:00 12361-1239919717-7279 0.100149 0.000100 0.000100
2009-04-16T15:08:37-07:00 12361-1239919717-2863 0.100224 0.000100 0.000100
2009-04-16T15:08:38-07:00 12361-1239919717-3809 0.100219 0.000100 0.000100
2009-04-16T15:08:38-07:00 12361-1239919718-8953 0.100218 0.000100 0.000100
2009-04-16T15:08:38-07:00 12361-1239919718-4141 0.100221 0.000100 0.000100
2009-04-16T15:08:38-07:00 12361-1239919718-2671 0.100220 0.000100 0.000100
2009-04-16T15:08:38-07:00 12361-1239919718-6638 0.100222 0.000100 0.000100
2009-04-16T15:08:38-07:00 12361-1239919718-3749 0.100218 0.000100 0.000100
2009-04-16T15:08:38-07:00 12361-1239919718-3505 0.100219 0.000100 0.000100
2009-04-16T15:08:38-07:00 12361-1239919718-1444 0.100120 0.000100 0.000100
2009-04-16T15:08:38-07:00 12361-1239919718-5345 0.100140 0.000100 0.000100
2009-04-16T15:08:38-07:00 12361-1239919718-8143 0.100229 0.000100 0.000100
2009-04-16T15:08:39-07:00 12361-1239919718-7217 0.100218 0.000100 0.000100
2009-04-16T15:08:39-07:00 12361-1239919719-1907 0.100219 0.000100 0.000100
2009-04-16T15:08:39-07:00 12361-1239919719-6797 0.100204 0.000100 0.000100
2009-04-16T15:08:39-07:00 12361-1239919719-6833 0.100201 0.000100 0.000100
2009-04-16T15:08:39-07:00 12361-1239919719-1945 0.100221 0.000100 0.000100
2009-04-16T15:08:39-07:00 12361-1239919719-309 0.100220 0.000100 0.000100
2009-04-16T15:08:39-07:00 12361-1239919719-7540 0.100219 0.000100 0.000100
2009-04-16T15:08:39-07:00 12361-1239919719-7406 0.100218 0.000100 0.000100
2009-04-16T15:08:39-07:00 12361-1239919719-6962 0.100145 0.000100 0.000100
2009-04-16T15:08:39-07:00 12361-1239919719-4747 0.100228 0.000100 0.000100
2009-04-16T15:08:40-07:00 12361-1239919719-8046 0.100194 0.000100 0.000100
2009-04-16T15:08:40-07:00 12361-1239919720-686 0.100191 0.000100 0.000100
2009-04-16T15:08:40-07:00 12361-1239919720-7948 0.100192 0.000100 0.000100
2009-04-16T15:08:40-07:00 12361-1239919720-6312 0.100192 0.000100 0.000100
2009-04-16T15:08:40-07:00 12361-1239919720-8985 0.100216 0.000100 0.000100
2009-04-16T15:08:40-07:00 12361-1239919720-9383 0.100224 0.000100 0.000100
2009-04-16T15:08:40-07:00 12361-1239919720-2535 0.100220 0.000100 0.000100
2009-04-16T15:08:40-07:00 12361-1239919720-9058 0.100220 0.000100 0.000100
2009-04-16T15:08:40-07:00 12361-1239919720-1106 0.100154 0.000100 0.000100
2009-04-16T15:08:40-07:00 12361-1239919720-2515 0.100218 0.000100 0.000100
2009-04-16T15:08:41-07:00 12361-1239919720-5919 0.100219 0.000100 0.000100
2009-04-16T15:08:41-07:00 12361-1239919721-6239 0.100219 0.010000 0.000100
2009-04-16T15:08:41-07:00 12361-1239919721-6265 0.100217 0.000100 0.000100
2009-04-16T15:08:41-07:00 12361-1239919721-4527 0.100205 0.000100 0.000100
2009-04-16T15:08:41-07:00 12361-1239919721-9271 0.100219 0.000100 0.000100
2009-04-16T15:08:41-07:00 12361-1239919721-8608 0.100188 0.000100 0.000100
2009-04-16T15:08:41-07:00 12361-1239919721-5984 0.100220 0.000100 0.000100
2009-04-16T15:08:41-07:00 12361-1239919721-2394 0.100155 0.000100 0.000100
2009-04-16T15:08:41-07:00 12361-1239919721-3860 0.100193 0.000100 0.000100
2009-04-16T15:08:41-07:00 12361-1239919721-6311 0.100238 0.000100 0.000100
2009-04-16T15:08:42-07:00 12361-1239919721-3394 0.100191 0.000100 0.010000
2009-04-16T15:08:42-07:00 12361-1239919722-3987 0.100210 0.000100 0.000100
2009-04-16T15:08:42-07:00 12361-1239919722-6149 0.100097 0.000100 0.000100
2009-04-16T15:08:42-07:00 12361-1239919722-1434 0.100217 0.000100 0.000100
2009-04-16T15:08:42-07:00 12361-1239919722-129 0.100219 0.000100 0.000100
2009-04-16T15:08:42-07:00 12361-1239919722-7238 0.100219 0.000100 0.000100
2009-04-16T15:08:42-07:00 12361-1239919722-7259 0.100218 0.000100 0.000100
2009-04-16T15:08:42-07:00 12361-1239919722-4041 0.100155 0.000100 0.000100
2009-04-16T15:08:42-07:00 12361-1239919722-2737 0.100252 0.000100 0.000100
2009-04-16T15:08:42-07:00 12361-1239919722-4978 0.100225 0.000100 0.000100
2009-04-16T15:08:43-07:00 12361-1239919722-8095 0.100222 0.000100 0.000100
2009-04-16T15:08:43-07:00 12361-1239919723-5494 0.100219 0.000100 0.000100
2009-04-16T15:08:43-07:00 12361-1239919723-3089 0.100221 0.000100 0.000100
2009-04-16T15:08:43-07:00 12361-1239919723-4466 0.100207 0.000100 0.000100
2009-04-16T15:08:43-07:00 12361-1239919723-5438 0.100219 0.000100 0.000100
2009-04-16T15:08:43-07:00 12361-1239919723-6685 0.100229 0.000100 0.000100
2009-04-16T15:08:43-07:00 12361-1239919723-7008 0.100220 0.000100 0.000100
2009-04-16T15:08:43-07:00 12361-1239919723-3149 0.100153 0.000100 0.000100
2009-04-16T15:08:43-07:00 12361-1239919723-8457 0.100219 0.000100 0.000100
2009-04-16T15:08:44-07:00 12361-1239919723-1001 0.100096 0.000100 0.000100
2009-04-16T15:08:44-07:00 12361-1239919724-6609 0.100221 0.000100 0.000100
2009-04-16T15:08:44-07:00 12361-1239919724-9186 0.100153 0.000100 0.000100
2009-04-16T15:08:44-07:00 12361-1239919724-7708 0.100229 0.000100 0.000100
2009-04-16T15:08:44-07:00 12361-1239919724-5051 0.100220 0.000100 0.000100
2009-04-16T15:08:44-07:00 12361-1239919724-657 0.100221 0.000100 0.000100
2009-04-16T15:08:44-07:00 12361-1239919724-5947 0.100220 0.000100 0.000100
2009-04-16T15:08:44-07:00 12361-1239919724-2750 0.100183 0.000100 0.000100
2009-04-16T15:08:44-07:00 12361-1239919724-6102 0.100095 0.000100 0.000100
2009-04-16T15:08:44-07:00 12361-1239919724-5394 0.100242 0.000100 0.000100
2009-04-16T15:08:45-07:00 12361-1239919724-6076 0.100147 0.000100 0.000100
2009-04-16T15:08:45-07:00 12361-1239919725-8167 0.100137 0.000100 0.000100
2009-04-16T15:08:45-07:00 12361-1239919725-587 0.100215 0.000100 0.000100
2009-04-16T15:08:45-07:00 12361-1239919725-1641 0.100213 0.000100 0.000100
2009-04-16T15:08:45-07:00 12361-1239919725-1521 0.100235 0.000100 0.000100
2009-04-16T15:08:45-07:00 12361-1239919725-4649 0.100126 0.000100 0.000100
2009-04-16T15:08:45-07:00 12361-1239919725-732 0.100172 0.000100 0.000100
2009-04-16T15:08:45-07:00 12361-1239919725-7378 0.100212 0.000100 0.000100
2009-04-16T15:08:45-07:00 12361-1239919725-6300 0.100147 0.000100 0.000100
2009-04-16T15:08:45-07:00 12361-1239919725-2214 0.100207 0.000100 0.000100
2009-04-16T15:08:46-07:00 12361-1239919725-4961 0.100187 0.000100 0.000100
2009-04-16T15:08:46-07:00 12361-1239919726-1047 0.100202 0.000100 0.000100
2009-04-16T15:08:46-07:00 12361-1239919726-9126 0.100213 0.000100 0.000100
2009-04-16T15:08:46-07:00 12361-1239919726-7217 0.100211 0.000100 0.000100
2009-04-16T15:08:46-07:00 12361-1239919726-6721 0.100118 0.000100 0.000100
2009-04-16T15:08:46-07:00 12361-1239919726-74 0.100192 0.000100 0.000100
2009-04-16T15:08:46-07:00 12361-1239919726-9429 0.100206 0.000100 0.000100
2009-04-16T15:08:46-07:00 12361-1239919726-3269 0.100203 0.000100 0.000100
2009-04-16T15:08:46-07:00 12361-1239919726-8996 0.100134 0.000100 0.000100
2009-04-16T15:08:46-07:00 12361-1239919726-303 0.100159 0.000100 0.000100
2009-04-16T15:08:47-07:00 12361-1239919726-3592 0.100218 0.000100 0.000100
2009-04-16T15:08:47-07:00 12361-1239919727-6394 0.100246 0.000100 0.000100
2009-04-16T15:08:47-07:00 12361-1239919727-7809 0.100210 0.000100 0.000100
2009-04-16T15:08:47-07:00 12361-1239919727-1603 0.100214 0.000100 0.000100
2009-04-16T15:08:47-07:00 12361-1239919727-1423 0.100136 0.000100 0.000100
2009-04-16T15:08:47-07:00 12361-1239919727-8222 0.100206 0.010000 0.000100
2009-04-16T15:08:47-07:00 12361-1239919727-2356 0.100205 0.000100 0.000100
2009-04-16T15:08:47-07:00 12361-1239919727-781 0.100149 0.000100 0.000100
2009-04-16T15:08:47-07:00 12361-1239919727-8521 0.100179 0.000100 0.000100
2009-04-16T15:08:47-07:00 12361-1239919727-7853 0.100215 0.000100 0.000100
2009-04-16T15:08:48-07:00 12361-1239919727-3709 0.100216 0.000100 0.000100
2009-04-16T15:08:48-07:00 12361-1239919728-6079 0.100200 0.000100 0.000100
2009-04-16T15:08:48-07:00 12361-1239919728-3136 0.100216 0.000100 0.000100
2009-04-16T15:08:48-07:00 12361-1239919728-6240 0.100214 0.000100 0.000100
2009-04-16T15:08:48-07:00 12361-1239919728-6007 0.100209 0.000100 0.000100
2009-04-16T15:08:48-07:00 12361-1239919728-7317 0.100204 0.000100 0.000100
2009-04-16T15:08:48-07:00 12361-1239919728-3208 0.100220 0.000100 0.000100
2009-04-16T15:08:48-07:00 12361-1239919728-2742 0.100138 0.000100 0.000100
2009-04-16T15:08:48-07:00 12361-1239919728-8288 0.100222 0.000100 0.000100
2009-04-16T15:08:48-07:00 12361-1239919728-6810 0.100234 0.000100 0.000100
2009-04-16T15:08:49-07:00 12361-1239919728-2113 0.100216 0.000100 0.000100
2009-04-16T15:08:49-07:00 12361-1239919729-7264 0.100207 0.000100 0.000100
2009-04-16T15:08:49-07:00 12361-1239919729-9289 0.100208 0.000100 0.000100
2009-04-16T15:08:49-07:00 12361-1239919729-6053 0.100223 0.000100 0.000100
2009-04-16T15:08:49-07:00 12361-1239919729-4591 0.100210 0.000100 0.000100
2009-04-16T15:08:49-07:00 12361-1239919729-8938 0.100214 0.000100 0.000100
2009-04-16T15:08:49-07:00 12361-1239919729-7407 0.100258 0.000100 0.000100
2009-04-16T15:08:49-07:00 12361-1239919729-5893 0.100148 0.000100 0.000100
2009-04-16T15:08:49-07:00 12361-1239919729-6543 0.100220 0.000100 0.000100
2009-04-16T15:08:49-07:00 12361-1239919729-3061 0.100222 0.000100 0.000100
2009-04-16T15:08:50-07:00 12361-1239919729-8385 0.100211 0.000100 0.000100
2009-04-16T15:08:50-07:00 12361-1239919730-2962 0.100206 0.000100 0.000100
2009-04-16T15:08:50-07:00 12361-1239919730-9184 0.100213 0.000100 0.000100
2009-04-16T15:08:50-07:00 12361-1239919730-7404 0.100213 0.000100 0.000100
2009-04-16T15:08:50-07:00 12361-1239919730-7680 0.100220 0.000100 0.000100
2009-04-16T15:08:50-07:00 12361-1239919730-6844 0.100205 0.000100 0.000100
2009-04-16T15:08:50-07:00 12361-1239919730-3340 0.100206 0.000100 0.010000
2009-04-16T15:08:50-07:00 12361-1239919730-5350 0.100140 0.000100 0.000100
2009-04-16T15:08:50-07:00 12361-1239919730-8669 0.100217 0.000100 0.000100
2009-04-16T15:08:51-07:00 12361-1239919730-3270 0.100206 0.000100 0.000100
2009-04-16T15:08:51-07:00 12361-1239919731-815 0.100214 0.000100 0.000100
2009-04-16T15:08:51-07:00 12361-1239919731-740 0.100206 0.000100 0.000100
2009-04-16T15:08:51-07:00 12361-1239919731-1428 0.100209 0.000100 0.000100
2009-04-16T15:08:51-07:00 12361-1239919731-371 0.100205 0.000100 0.000100
2009-04-16T15:08:51-07:00 12361-1239919731-8020 0.100206 0.000100 0.000100
2009-04-16T15:08:51-07:00 12361-1239919731-8481 0.100215 0.000100 0.000100
2009-04-16T15:08:51-07:00 12361-1239919731-5977 0.100203 0.000100 0.000100
2009-04-16T15:08:51-07:00 12361-1239919731-9993 0.100135 0.000100 0.000100
2009-04-16T15:08:51-07:00 12361-1239919731-3884 0.100202 0.000100 0.000100
2009-04-16T15:08:52-07:00 12361-1239919731-3040 0.100207 0.000100 0.000100
2009-04-16T15:08:52-07:00 12361-1239919732-7128 0.100212 0.000100 0.000100
2009-04-16T15:08:52-07:00 12361-1239919732-9274 0.100220 0.000100 0.000100
2009-04-16T15:08:52-07:00 12361-1239919732-9983 0.100219 0.000100 0.000100
2009-04-16T15:08:52-07:00 12361-1239919732-7030 0.100218 0.000100 0.000100
2009-04-16T15:08:52-07:00 12361-1239919732-5451 0.100220 0.000100 0.000100
2009-04-16T15:08:52-07:00 12361-1239919732-7231 0.100219 0.000100 0.000100
2009-04-16T15:08:52-07:00 12361-1239919732-5491 0.100192 0.000100 0.000100
2009-04-16T15:08:52-07:00 12361-1239919732-550 0.100156 0.000100 0.000100
2009-04-16T15:08:52-07:00 12361-1239919732-4769 0.100220 0.000100 0.000100
2009-04-16T15:08:53-07:00 12361-1239919732-7643 0.100229 0.000100 0.000100
2009-04-16T15:08:53-07:00 12361-1239919733-6885 0.100217 0.000100 0.000100
2009-04-16T15:08:53-07:00 12361-1239919733-5809 0.100221 0.000100 0.000100
2009-04-16T15:08:53-07:00 12361-1239919733-9727 0.100219 0.000100 0.000100
2009-04-16T15:08:53-07:00 12361-1239919733-7087 0.100216 0.000100 0.000100
2009-04-16T15:08:53-07:00 12361-1239919733-2736 0.100221 0.000100 0.000100
2009-04-16T15:08:53-07:00 12361-1239919733-905 0.100126 0.000100 0.000100
2009-04-16T15:08:53-07:00 12361-1239919733-3811 0.100218 0.000100 0.000100
2009-04-16T15:08:53-07:00 12361-1239919733-8881 0.100194 0.000100 0.000100
2009-04-16T15:08:53-07:00 12361-1239919733-5207 0.100205 0.000100 0.000100
2009-04-16T15:08:54-07:00 12361-1239919733-5730 0.100216 0.000100 0.000100
2009-04-16T15:08:54-07:00 12361-1239919734-9919 0.100130 0.000100 0.000100
2009-04-16T15:08:54-07:00 12361-1239919734-7548 0.100214 0.000100 0.000100
2009-04-16T15:08:54-07:00 12361-1239919734-7232 0.100208 0.000100 0.000100
2009-04-16T15:08:54-07:00 12361-1239919734-3238 0.100119 0.000100 0.000100
2009-04-16T15:08:54-07:00 12361-1239919734-859 0.100204 0.000100 0.000100
2009-04-16T15:08:54-07:00 12361-1239919734-6449 0.100206 0.000100 0.000100
2009-04-16T15:08:54-07:00 12361-1239919734-1338 0.100204 0.000100 0.000100
2009-04-16T15:08:54-07:00 12361-1239919734-4997 0.100146 0.000100 0.000100
2009-04-16T15:08:54-07:00 12361-1239919734-5737 0.100204 0.000100 0.000100
2009-04-16T15:08:55-07:00 12361-1239919734-1603 0.100184 0.000100 0.000100
2009-04-16T15:08:55-07:00 12361-1239919735-5670 0.100205 0.000100 0.000100
2009-04-16T15:08:55-07:00 12361-1239919735-7152 0.100213 0.000100 0.000100
2009-04-16T15:08:55-07:00 12361-1239919735-5025 0.100207 0.000100 0.000100
2009-04-16T15:08:55-07:00 12361-1239919735-5940 0.100205 0.000100 0.000100
2009-04-16T15:08:55-07:00 12361-1239919735-919 0.100214 0.000100 0.000100
2009-04-16T15:08:55-07:00 12361-1239919735-1852 0.100204 0.000100 0.000100
2009-04-16T15:08:55-07:00 12361-1239919735-7153 0.100153 0.000100 0.000100
2009-04-16T15:08:55-07:00 12361-1239919735-4756 0.100178 0.000100 0.000100
2009-04-16T15:08:55-07:00 12361-1239919735-4506 0.100212 0.000100 0.000100
2009-04-16T15:08:56-07:00 12361-1239919735-5848 0.100207 0.000100 0.000100
2009-04-16T15:08:56-07:00 12361-1239919736-8804 0.100204 0.000100 0.000100
2009-04-16T15:08:56-07:00 12361-1239919736-9553 0.100208 0.000100 0.000100
2009-04-16T15:08:56-07:00 12361-1239919736-609 0.100208 0.000100 0.000100
2009-04-16T15:08:56-07:00 12361-1239919736-7934 0.100204 0.000100 0.000100
2009-04-16T15:08:56-07:00 12361-1239919736-3417 0.100215 0.000100 0.000100
2009-04-16T15:08:56-07:00 12361-1239919736-7237 0.100191 0.000100 0.000100
2009-04-16T15:08:56-07:00 12361-1239919736-6025 0.100151 0.000100 0.000100
2009-04-16T15:08:56-07:00 12361-1239919736-7070 0.100209 0.000100 0.000100
2009-04-16T15:08:56-07:00 12361-1239919736-438 0.100216 0.000100 0.000100
2009-04-16T15:08:57-07:00 12361-1239919736-4201 0.100219 0.000100 0.000100
2009-04-16T15:08:57-07:00 12361-1239919737-5777 0.100218 0.000100 0.000100
2009-04-16T15:08:57-07:00 12361-1239919737-9813 0.100219 0.000100 0.000100
2009-04-16T15:08:57-07:00 12361-1239919737-398 0.100219 0.000100 0.000100
2009-04-16T15:08:57-07:00 12361-1239919737-8926 0.100222 0.000100 0.000100
2009-04-16T15:08:57-07:00 12361-1239919737-829 0.100218 0.000100 0.000100
2009-04-16T15:08:57-07:00 12361-1239919737-8100 0.100220 0.000100 0.000100
2009-04-16T15:08:57-07:00 12361-1239919737-7900 0.100151 0.000100 0.000100
2009-04-16T15:08:57-07:00 12361-1239919737-7135 0.100200 0.000100 0.000100
2009-04-16T15:08:57-07:00 12361-1239919737-8013 0.100205 0.000100 0.000100
2009-04-16T15:08:58-07:00 12361-1239919737-3876 0.100206 0.000100 0.000100
2009-04-16T15:08:58-07:00 12361-1239919738-4315 0.100204 0.000100 0.000100
2009-04-16T15:08:58-07:00 12361-1239919738-2362 0.100137 0.000100 0.000100
2009-04-16T15:08:58-07:00 12361-1239919738-3440 0.100215 0.000100 0.000100
2009-04-16T15:08:58-07:00 12361-1239919738-4842 0.100205 0.000100 0.000100
2009-04-16T15:08:58-07:00 12361-1239919738-9439 0.100213 0.000100 0.000100
2009-04-16T15:08:58-07:00 12361-1239919738-650 0.100204 0.000100 0.000100
2009-04-16T15:08:58-07:00 12361-1239919738-5918 0.100149 0.000100 0.000100
2009-04-16T15:08:58-07:00 12361-1239919738-9509 0.100215 0.000100 0.000100
2009-04-16T15:08:59-07:00 12361-1239919738-3650 0.100188 0.000100 0.000100
2009-04-16T15:08:59-07:00 12361-1239919739-644 0.100205 0.000100 0.000100
2009-04-16T15:08:59-07:00 12361-1239919739-6443 0.100119 0.000100 0.000100
2009-04-16T15:08:59-07:00 12361-1239919739-5232 0.100209 0.000100 0.000100
2009-04-16T15:08:59-07:00 12361-1239919739-3926 0.100208 0.000100 0.000100
2009-04-16T15:08:59-07:00 12361-1239919739-5610 0.100130 0.000100 0.000100
2009-04-16T15:08:59-07:00 12361-1239919739-2300 0.100216 0.000100 0.000100
2009-04-16T15:08:59-07:00 12361-1239919739-9049 0.100221 0.000100 0.000100
2009-04-16T15:08:59-07:00 12361-1239919739-1026 0.100032 0.000100 0.000100
2009-04-16T15:08:59-07:00 12361-1239919739-6964 0.100218 0.000100 0.000100
2009-04-16T15:09:00-07:00 12361-1239919739-3762 0.100219 0.000100 0.000100
2009-04-16T15:09:00-07:00 12361-1239919740-5999 0.100173 0.000100 0.000100
2009-04-16T15:09:00-07:00 12361-1239919740-4702 0.100224 0.000100 0.000100
2009-04-16T15:09:00-07:00 12361-1239919740-2976 0.100219 0.000100 0.000100
2009-04-16T15:09:00-07:00 12361-1239919740-8005 0.100146 0.000100 0.000100
2009-04-16T15:09:00-07:00 12361-1239919740-4865 0.100222 0.000100 0.000100
2009-04-16T15:09:00-07:00 12361-1239919740-8570 0.100223 0.000100 0.000100
2009-04-16T15:09:00-07:00 12361-1239919740-7299 0.100220 0.000100 0.000100
2009-04-16T15:09:00-07:00 12361-1239919740-4916 0.100150 0.000100 0.000100
2009-04-16T15:09:00-07:00 12361-1239919740-865 0.100219 0.000100 0.000100
2009-04-16T15:09:01-07:00 12361-1239919740-5861 0.100221 0.000100 0.000100
2009-04-16T15:09:01-07:00 12361-1239919741-5052 0.100220 0.000100 0.000100
2009-04-16T15:09:01-07:00 12361-1239919741-1406 0.100212 0.000100 0.000100
2009-04-16T15:09:01-07:00 12361-1239919741-5224 0.100209 0.000100 0.000100
2009-04-16T15:09:01-07:00 12361-1239919741-4981 0.100226 0.000100 0.000100
2009-04-16T15:09:01-07:00 12361-1239919741-4296 0.100221 0.000100 0.000100
2009-04-16T15:09:01-07:00 12361-1239919741-2323 0.100224 0.000100 0.000100
2009-04-16T15:09:01-07:00 12361-1239919741-5694 0.100224 0.000100 0.000100
2009-04-16T15:09:01-07:00 12361-1239919741-400 0.100150 0.000100 0.000100
2009-04-16T15:09:01-07:00 12361-1239919741-9873 0.100221 0.000100 0.000100
2009-04-16T15:09:02-07:00 12361-1239919741-1304 0.100222 0.000100 0.000100
2009-04-16T15:09:02-07:00 12361-1239919742-6074 0.100218 0.000100 0.000100
2009-04-16T15:09:02-07:00 12361-1239919742-9841 0.100218 0.000100 0.000100
2009-04-16T15:09:02-07:00 12361-1239919742-3449 0.100221 0.000100 0.000100
2009-04-16T15:09:02-07:00 12361-1239919742-2567 0.100223 0.000100 0.000100
2009-04-16T15:09:02-07:00 12361-1239919742-6297 0.100223 0.000100 0.000100
2009-04-16T15:09:02-07:00 12361-1239919742-3599 0.100222 0.000100 0.000100
2009-04-16T15:09:02-07:00 12361-1239919742-8707 0.100135 0.000100 0.000100
2009-04-16T15:09:02-07:00 12361-1239919742-9534 0.100191 0.000100 0.000100
2009-04-16T15:09:02-07:00 12361-1239919742-5517 0.100219 0.000100 0.000100
2009-04-16T15:09:03-07:00 12361-1239919742-5554 0.100222 0.000100 0.000100
2009-04-16T15:09:03-07:00 12361-1239919743-387 0.100223 0.000100 0.000100
2009-04-16T15:09:03-07:00 12361-1239919743-3476 0.100220 0.000100 0.000100
2009-04-16T15:09:03-07:00 12361-1239919743-4492 0.100220 0.000100 0.000100
2009-04-16T15:09:03-07:00 12361-1239919743-9171 0.100223 0.000100 0.000100
2009-04-16T15:09:03-07:00 12361-1239919743-6108 0.100224 0.000100 0.000100
2009-04-16T15:09:03-07:00 12361-1239919743-544 0.100220 0.000100 0.000100
2009-04-16T15:09:03-07:00 12361-1239919743-4322 0.100068 0.000100 0.000100
2009-04-16T15:09:03-07:00 12361-1239919743-9279 0.100225 0.000100 0.000100
2009-04-16T15:09:03-07:00 12361-1239919743-2165 0.100220 0.000100 0.000100
2009-04-16T15:09:04-07:00 12361-1239919743-5914 0.100222 0.000100 0.000100
2009-04-16T15:09:04-07:00 12361-1239919744-1154 0.100226 0.000100 0.000100
2009-04-16T15:09:04-07:00 12361-1239919744-5799 0.100232 0.000100 0.000100
2009-04-16T15:09:04-07:00 12361-1239919744-1812 0.100222 0.000100 0.000100
2009-04-16T15:09:04-07:00 12361-1239919744-409 0.100220 0.000100 0.000100
2009-04-16T15:09:04-07:00 12361-1239919744-342 0.100219 0.000100 0.000100
2009-04-16T15:09:04-07:00 12361-1239919744-2872 0.100226 0.000100 0.000100
2009-04-16T15:09:04-07:00 12361-1239919744-141 0.100158 0.000100 0.000100
2009-04-16T15:09:04-07:00 12361-1239919744-9367 0.100229 0.000100 0.000100
2009-04-16T15:09:05-07:00 12361-1239919744-1698 0.100228 0.000100 0.000100
2009-04-16T15:09:05-07:00 12361-1239919745-2708 0.100221 0.000100 0.000100
2009-04-16T15:09:05-07:00 12361-1239919745-5957 0.100222 0.000100 0.000100
2009-04-16T15:09:05-07:00 12361-1239919745-8874 0.100220 0.000100 0.000100
2009-04-16T15:09:05-07:00 12361-1239919745-1904 0.100222 0.000100 0.000100
2009-04-16T15:09:05-07:00 12361-1239919745-6696 0.100226 0.000100 0.000100
2009-04-16T15:09:05-07:00 12361-1239919745-616 0.100225 0.000100 0.010000
2009-04-16T15:09:05-07:00 12361-1239919745-172 0.100220 0.000100 0.000100
2009-04-16T15:09:05-07:00 12361-1239919745-3081 0.100127 0.000100 0.000100
2009-04-16T15:09:05-07:00 12361-1239919745-8018 0.100221 0.000100 0.000100
2009-04-16T15:09:06-07:00 12361-1239919745-8544 0.100219 0.000100 0.000100
2009-04-16T15:09:06-07:00 12361-1239919746-7659 0.100220 0.000100 0.000100
2009-04-16T15:09:06-07:00 12361-1239919746-3709 0.100220 0.000100 0.000100
2009-04-16T15:09:06-07:00 12361-1239919746-2285 0.100221 0.000100 0.000100
2009-04-16T15:09:06-07:00 12361-1239919746-2276 0.100121 0.000100 0.000100
2009-04-16T15:09:06-07:00 12361-1239919746-2740 0.100222 0.000100 0.000100
2009-04-16T15:09:06-07:00 12361-1239919746-3543 0.100191 0.000100 0.000100
2009-04-16T15:09:06-07:00 12361-1239919746-111 0.100144 0.000100 0.000100
2009-04-16T15:09:06-07:00 12361-1239919746-3075 0.100042 0.000100 0.000100
2009-04-16T15:09:06-07:00 12361-1239919746-3498 0.100220 0.000100 0.000100
2009-04-16T15:09:07-07:00 12361-1239919746-4336 0.100223 0.000100 0.000100
2009-04-16T15:09:07-07:00 12361-1239919747-830 0.100219 0.000100 0.000100
2009-04-16T15:09:07-07:00 12361-1239919747-9004 0.100222 0.000100 0.000100
2009-04-16T15:09:07-07:00 12361-1239919747-6961 0.100221 0.000100 0.000100
2009-04-16T15:09:07-07:00 12361-1239919747-1720 0.100219 0.000100 0.000100
2009-04-16T15:09:07-07:00 12361-1239919747-4252 0.100268 0.000100 0.000100
2009-04-16T15:09:07-07:00 12361-1239919747-4319 0.100219 0.000100 0.000100
2009-04-16T15:09:07-07:00 12361-1239919747-6449 0.100210 0.000100 0.000100
2009-04-16T15:09:07-07:00 12361-1239919747-6622 0.100152 0.000100 0.000100
2009-04-16T15:09:07-07:00 12361-1239919747-5298 0.100218 0.000100 0.000100
2009-04-16T15:09:08-07:00 12361-1239919747-998 0.100229 0.000100 0.000100
2009-04-16T15:09:08-07:00 12361-1239919748-8183 0.100220 0.000100 0.000100
2009-04-16T15:09:08-07:00 12361-1239919748-1381 0.100221 0.000100 0.000100
2009-04-16T15:09:08-07:00 12361-1239919748-6049 0.100222 0.000100 0.000100
2009-04-16T15:09:08-07:00 12361-1239919748-4883 0.100230 0.000100 0.000100
2009-04-16T15:09:08-07:00 12361-1239919748-2097 0.100278 0.000100 0.000100
2009-04-16T15:09:08-07:00 12361-1239919748-1906 0.100223 0.000100 0.000100
2009-04-16T15:09:08-07:00 12361-1239919748-8382 0.100220 0.000100 0.000100
2009-04-16T15:09:08-07:00 12361-1239919748-3739 0.100146 0.000100 0.000100
2009-04-16T15:09:08-07:00 12361-1239919748-9542 0.100220 0.000100 0.000100
2009-04-16T15:09:09-07:00 12361-1239919748-7011 0.100225 0.000100 0.000100
2009-04-16T15:09:09-07:00 12361-1239919749-663 0.100220 0.000100 0.000100
2009-04-16T15:09:09-07:00 12361-1239919749-6289 0.100226 0.000100 0.000100
2009-04-16T15:09:09-07:00 12361-1239919749-2466 0.100138 0.000100 0.000100
2009-04-16T15:09:09-07:00 12361-1239919749-8071 0.100221 0.000100 0.000100
2009-04-16T15:09:09-07:00 12361-1239919749-190 0.100222 0.000100 0.000100
2009-04-16T15:09:09-07:00 12361-1239919749-2280 0.100218 0.000100 0.000100
2009-04-16T15:09:09-07:00 12361-1239919749-9244 0.100218 0.000100 0.000100
2009-04-16T15:09:09-07:00 12361-1239919749-4581 0.100166 0.000100 0.000100
2009-04-16T15:09:09-07:00 12361-1239919749-2474 0.100206 0.000100 0.000100
2009-04-16T15:09:10-07:00 12361-1239919749-6562 0.100207 0.000100 0.000100
2009-04-16T15:09:10-07:00 12361-1239919750-745 0.100117 0.000100 0.000100
2009-04-16T15:09:10-07:00 12361-1239919750-7452 0.100214 0.000100 0.000100
2009-04-16T15:09:10-07:00 12361-1239919750-5776 0.100215 0.000100 0.000100
2009-04-16T15:09:10-07:00 12361-1239919750-5463 0.100188 0.000100 0.000100
2009-04-16T15:09:10-07:00 12361-1239919750-511 0.100213 0.000100 0.000100
2009-04-16T15:09:10-07:00 12361-1239919750-1307 0.100207 0.000100 0.000100
2009-04-16T15:09:10-07:00 12361-1239919750-1339 0.100183 0.000100 0.000100
2009-04-16T15:09:10-07:00 12361-1239919750-2256 0.100185 0.000100 0.000100
2009-04-16T15:09:10-07:00 12361-1239919750-546 0.100219 0.000100 0.000100
2009-04-16T15:09:11-07:00 12361-1239919750-3634 0.100218 0.000100 0.000100
2009-04-16T15:09:11-07:00 12361-1239919751-1571 0.100217 0.000100 0.000100
2009-04-16T15:09:11-07:00 12361-1239919751-8400 0.100209 0.000100 0.000100
2009-04-16T15:09:11-07:00 12361-1239919751-165 0.100205 0.000100 0.000100
2009-04-16T15:09:11-07:00 12361-1239919751-4632 0.100207 0.000100 0.000100
2009-04-16T15:09:11-07:00 12361-1239919751-2364 0.100207 0.000100 0.000100
2009-04-16T15:09:11-07:00 12361-1239919751-8167 0.100216 0.000100 0.000100
2009-04-16T15:09:11-07:00 12361-1239919751-8438 0.100149 0.000100 0.000100
2009-04-16T15:09:11-07:00 12361-1239919751-4395 0.100218 0.000100 0.000100
2009-04-16T15:09:11-07:00 12361-1239919751-2086 0.100206 0.000100 0.000100
2009-04-16T15:09:12-07:00 12361-1239919751-1271 0.100205 0.000100 0.000100
2009-04-16T15:09:12-07:00 12361-1239919752-1947 0.100216 0.000100 0.000100
2009-04-16T15:09:12-07:00 12361-1239919752-5391 0.100216 0.000100 0.000100
2009-04-16T15:09:12-07:00 12361-1239919752-1703 0.100217 0.000100 0.000100
2009-04-16T15:09:12-07:00 12361-1239919752-7436 0.100103 0.000100 0.000100
2009-04-16T15:09:12-07:00 12361-1239919752-4802 0.100206 0.000100 0.000100
2009-04-16T15:09:12-07:00 12361-1239919752-640 0.100138 0.000100 0.000100
2009-04-16T15:09:12-07:00 12361-1239919752-9053 0.100141 0.000100 0.000100
2009-04-16T15:09:12-07:00 12361-1239919752-6346 0.100207 0.000100 0.000100
2009-04-16T15:09:12-07:00 12361-1239919752-1648 0.100205 0.000100 0.000100
2009-04-16T15:09:13-07:00 12361-1239919753-5530 0.100216 0.000100 0.000100
2009-04-16T15:09:13-07:00 12361-1239919753-6726 0.100207 0.000100 0.000100
2009-04-16T15:09:13-07:00 12361-1239919753-5424 0.100215 0.000100 0.000100
2009-04-16T15:09:13-07:00 12361-1239919753-5735 0.100205 0.000100 0.000100
2009-04-16T15:09:13-07:00 12361-1239919753-8422 0.100214 0.000100 0.000100
2009-04-16T15:09:13-07:00 12361-1239919753-2287 0.100216 0.000100 0.000100
2009-04-16T15:09:13-07:00 12361-1239919753-3622 0.100218 0.000100 0.000100
2009-04-16T15:09:13-07:00 12361-1239919753-5068 0.100138 0.000100 0.000100
2009-04-16T15:09:13-07:00 12361-1239919753-202 0.100206 0.000100 0.000100
2009-04-16T15:09:14-07:00 12361-1239919753-9279 0.100112 0.000100 0.000100
2009-04-16T15:09:14-07:00 12361-1239919754-2501 0.100207 0.000100 0.000100
2009-04-16T15:09:14-07:00 12361-1239919754-51 0.100214 0.000100 0.000100
2009-04-16T15:09:14-07:00 12361-1239919754-1823 0.100206 0.000100 0.000100
2009-04-16T15:09:14-07:00 12361-1239919754-6364 0.100216 0.000100 0.000100
2009-04-16T15:09:14-07:00 12361-1239919754-8399 0.100207 0.000100 0.000100
2009-04-16T15:09:14-07:00 12361-1239919754-1109 0.100214 0.000100 0.000100
2009-04-16T15:09:14-07:00 12361-1239919754-4282 0.100215 0.000100 0.000100
2009-04-16T15:09:14-07:00 12361-1239919754-3915 0.100145 0.000100 0.000100
2009-04-16T15:09:14-07:00 12361-1239919754-3428 0.100208 0.000100 0.000100
2009-04-16T15:09:15-07:00 12361-1239919754-4076 0.100215 0.000100 0.000100
2009-04-16T15:09:15-07:00 12361-1239919755-1630 0.100215 0.000100 0.000100
2009-04-16T15:09:15-07:00 12361-1239919755-9131 0.100210 0.000100 0.000100
2009-04-16T15:09:15-07:00 12361-1239919755-5527 0.100210 0.000100 0.000100
2009-04-16T15:09:15-07:00 12361-1239919755-1351 0.100206 0.000100 0.000100
2009-04-16T15:09:15-07:00 12361-1239919755-4733 0.100217 0.000100 0.000100
2009-04-16T15:09:15-07:00 12361-1239919755-2665 0.100216 0.000100 0.000100
2009-04-16T15:09:15-07:00 12361-1239919755-1646 0.100206 0.000100 0.000100
2009-04-16T15:09:15-07:00 12361-1239919755-705 0.100132 0.000100 0.000100
2009-04-16T15:09:15-07:00 12361-1239919755-4958 0.100215 0.000100 0.000100
2009-04-16T15:09:16-07:00 12361-1239919755-3043 0.100210 0.000100 0.000100
2009-04-16T15:09:16-07:00 12361-1239919756-7575 0.100206 0.000100 0.000100
2009-04-16T15:09:16-07:00 12361-1239919756-346 0.100216 0.000100 0.000100
2009-04-16T15:09:16-07:00 12361-1239919756-8555 0.100206 0.000100 0.000100
2009-04-16T15:09:16-07:00 12361-1239919756-1620 0.100204 0.000100 0.000100
2009-04-16T15:09:16-07:00 12361-1239919756-7602 0.100207 0.000100 0.000100
2009-04-16T15:09:16-07:00 12361-1239919756-5231 0.100215 0.000100 0.000100
2009-04-16T15:09:16-07:00 12361-1239919756-1766 0.100216 0.000100 0.000100
2009-04-16T15:09:16-07:00 12361-1239919756-7230 0.100135 0.000100 0.000100
2009-04-16T15:09:16-07:00 12361-1239919756-323 0.100187 0.000100 0.000100
2009-04-16T15:09:17-07:00 12361-1239919756-726 0.100216 0.000100 0.000100
2009-04-16T15:09:17-07:00 12361-1239919757-1720 0.100207 0.000100 0.000100
2009-04-16T15:09:17-07:00 12361-1239919757-7374 0.100211 0.000100 0.000100
2009-04-16T15:09:17-07:00 12361-1239919757-2696 0.100206 0.000100 0.000100
2009-04-16T15:09:17-07:00 12361-1239919757-9066 0.100211 0.000100 0.000100
2009-04-16T15:09:17-07:00 12361-1239919757-3688 0.100208 0.000100 0.000100
2009-04-16T15:09:17-07:00 12361-1239919757-7077 0.100253 0.000100 0.000100
2009-04-16T15:09:17-07:00 12361-1239919757-3510 0.100205 0.000100 0.000100
2009-04-16T15:09:17-07:00 12361-1239919757-5060 0.100159 0.000100 0.000100
2009-04-16T15:09:17-07:00 12361-1239919757-7452 0.100206 0.000100 0.000100
2009-04-16T15:09:18-07:00 12361-1239919757-7478 0.100217 0.000100 0.000100
2009-04-16T15:09:18-07:00 12361-1239919758-8628 0.100206 0.000100 0.000100
2009-04-16T15:09:18-07:00 12361-1239919758-3286 0.100206 0.000100 0.000100
2009-04-16T15:09:18-07:00 12361-1239919758-8858 0.100210 0.000100 0.000100
2009-04-16T15:09:18-07:00 12361-1239919758-2812 0.100220 0.000100 0.000100
2009-04-16T15:09:18-07:00 12361-1239919758-5304 0.100220 0.000100 0.000100
2009-04-16T15:09:18-07:00 12361-1239919758-1885 0.100224 0.000100 0.000100
2009-04-16T15:09:18-07:00 12361-1239919758-3724 0.100066 0.000100 0.000100
2009-04-16T15:09:18-07:00 12361-1239919758-1923 0.100193 0.000100 0.000100
2009-04-16T15:09:18-07:00 12361-1239919758-5478 0.100220 0.000100 0.000100
2009-04-16T15:09:19-07:00 12361-1239919758-414 0.100221 0.000100 0.000100
2009-04-16T15:09:19-07:00 12361-1239919759-8338 0.100220 0.000100 0.000100
2009-04-16T15:09:19-07:00 12361-1239919759-5133 0.100217 0.000100 0.000100
2009-04-16T15:09:19-07:00 12361-1239919759-7292 0.100218 0.000100 0.000100
2009-04-16T15:09:19-07:00 12361-1239919759-9620 0.100217 0.000100 0.000100
2009-04-16T15:09:19-07:00 12361-1239919759-759 0.100221 0.000100 0.000100
2009-04-16T15:09:19-07:00 12361-1239919759-7073 0.100223 0.000100 0.000100
2009-04-16T15:09:19-07:00 12361-1239919759-1986 0.100158 0.000100 0.000100
2009-04-16T15:09:19-07:00 12361-1239919759-6271 0.100157 0.000100 0.000100
2009-04-16T15:09:19-07:00 12361-1239919759-1601 0.100222 0.000100 0.000100
2009-04-16T15:09:20-07:00 12361-1239919759-5055 0.100220 0.000100 0.000100
2009-04-16T15:09:20-07:00 12361-1239919760-3219 0.100221 0.000100 0.000100
2009-04-16T15:09:20-07:00 12361-1239919760-1500 0.100220 0.000100 0.000100
2009-04-16T15:09:20-07:00 12361-1239919760-693 0.100221 0.000100 0.000100
2009-04-16T15:09:20-07:00 12361-1239919760-2145 0.100136 0.000100 0.000100
2009-04-16T15:09:20-07:00 12361-1239919760-4110 0.100220 0.000100 0.000100
2009-04-16T15:09:20-07:00 12361-1239919760-4602 0.100218 0.000100 0.000100
2009-04-16T15:09:20-07:00 12361-1239919760-3135 0.100152 0.000100 0.000100
2009-04-16T15:09:20-07:00 12361-1239919760-4939 0.100276 0.000100 0.000100
2009-04-16T15:09:20-07:00 12361-1239919760-5014 0.100219 0.000100 0.000100
2009-04-16T15:09:21-07:00 12361-1239919761-317 0.100222 0.000100 0.000100
2009-04-16T15:09:21-07:00 12361-1239919761-8912 0.100221 0.000100 0.000100
2009-04-16T15:09:21-07:00 12361-1239919761-9612 0.100221 0.000100 0.000100
2009-04-16T15:09:21-07:00 12361-1239919761-406 0.100219 0.000100 0.000100
2009-04-16T15:09:21-07:00 12361-1239919761-6594 0.100221 0.000100 0.000100
2009-04-16T15:09:21-07:00 12361-1239919761-4494 0.100221 0.000100 0.000100
2009-04-16T15:09:21-07:00 12361-1239919761-2818 0.100221 0.000100 0.000100
2009-04-16T15:09:21-07:00 12361-1239919761-7810 0.100158 0.000100 0.000100
2009-04-16T15:09:21-07:00 12361-1239919761-503 0.100222 0.000100 0.000100
2009-04-16T15:09:22-07:00 12361-1239919761-1335 0.100220 0.000100 0.000100
2009-04-16T15:09:22-07:00 12361-1239919762-3683 0.100221 0.000100 0.000100
2009-04-16T15:09:22-07:00 12361-1239919762-5586 0.100227 0.000100 0.000100
2009-04-16T15:09:22-07:00 12361-1239919762-9974 0.100221 0.000100 0.000100
2009-04-16T15:09:22-07:00 12361-1239919762-9607 0.100220 0.000100 0.000100
2009-04-16T15:09:22-07:00 12361-1239919762-1664 0.100221 0.000100 0.000100
2009-04-16T15:09:22-07:00 12361-1239919762-467 0.100225 0.000100 0.000100
2009-04-16T15:09:22-07:00 12361-1239919762-380 0.100219 0.000100 0.000100
2009-04-16T15:09:22-07:00 12361-1239919762-6331 0.100151 0.000100 0.000100
2009-04-16T15:09:22-07:00 12361-1239919762-6326 0.100205 0.000100 0.000100
2009-04-16T15:09:23-07:00 12361-1239919762-7627 0.100151 0.000100 0.000100
2009-04-16T15:09:23-07:00 12361-1239919763-9220 0.100219 0.000100 0.000100
2009-04-16T15:09:23-07:00 12361-1239919763-1986 0.100220 0.000100 0.000100
2009-04-16T15:09:23-07:00 12361-1239919763-5742 0.100222 0.000100 0.000100
2009-04-16T15:09:23-07:00 12361-1239919763-9429 0.100219 0.000100 0.000100
2009-04-16T15:09:23-07:00 12361-1239919763-7533 0.100190 0.000100 0.000100
2009-04-16T15:09:23-07:00 12361-1239919763-6605 0.100219 0.000100 0.000100
2009-04-16T15:09:23-07:00 12361-1239919763-4815 0.100227 0.000100 0.000100
2009-04-16T15:09:23-07:00 12361-1239919763-114 0.100122 0.000100 0.000100
2009-04-16T15:09:23-07:00 12361-1239919763-2661 0.100227 0.000100 0.000100
2009-04-16T15:09:24-07:00 12361-1239919763-7200 0.100223 0.000100 0.000100
2009-04-16T15:09:24-07:00 12361-1239919764-7164 0.100222 0.000100 0.000100
2009-04-16T15:09:24-07:00 12361-1239919764-3752 0.100221 0.000100 0.000100
2009-04-16T15:09:24-07:00 12361-1239919764-6367 0.100221 0.000100 0.000100
2009-04-16T15:09:24-07:00 12361-1239919764-6317 0.100220 0.000100 0.000100
2009-04-16T15:09:24-07:00 12361-1239919764-9635 0.100220 0.000100 0.000100
2009-04-16T15:09:24-07:00 12361-1239919764-2950 0.100195 0.000100 0.000100
2009-04-16T15:09:24-07:00 12361-1239919764-3102 0.100218 0.000100 0.000100
2009-04-16T15:09:24-07:00 12361-1239919764-5586 0.100148 0.000100 0.000100
2009-04-16T15:09:24-07:00 12361-1239919764-2794 0.100220 0.000100 0.000100
2009-04-16T15:09:25-07:00 12361-1239919764-6417 0.100251 0.000100 0.000100
2009-04-16T15:09:25-07:00 12361-1239919765-2750 0.100227 0.000100 0.000100
2009-04-16T15:09:25-07:00 12361-1239919765-2654 0.100218 0.000100 0.000100
2009-04-16T15:09:25-07:00 12361-1239919765-1553 0.100220 0.000100 0.000100
2009-04-16T15:09:25-07:00 12361-1239919765-1583 0.100219 0.000100 0.000100
2009-04-16T15:09:25-07:00 12361-1239919765-4698 0.100221 0.000100 0.000100
2009-04-16T15:09:25-07:00 12361-1239919765-6116 0.100220 0.000100 0.000100
2009-04-16T15:09:25-07:00 12361-1239919765-9740 0.100221 0.000100 0.000100
2009-04-16T15:09:25-07:00 12361-1239919765-5338 0.100149 0.000100 0.000100
2009-04-16T15:09:25-07:00 12361-1239919765-8654 0.100218 0.000100 0.000100
2009-04-16T15:09:26-07:00 12361-1239919765-968 0.100218 0.000100 0.000100
2009-04-16T15:09:26-07:00 12361-1239919766-8354 0.100229 0.000100 0.000100
2009-04-16T15:09:26-07:00 12361-1239919766-5072 0.100217 0.000100 0.000100
2009-04-16T15:09:26-07:00 12361-1239919766-4291 0.100221 0.000100 0.000100
2009-04-16T15:09:26-07:00 12361-1239919766-467 0.100214 0.000100 0.000100
2009-04-16T15:09:26-07:00 12361-1239919766-7121 0.100204 0.000100 0.000100
2009-04-16T15:09:26-07:00 12361-1239919766-6489 0.100205 0.000100 0.000100
2009-04-16T15:09:26-07:00 12361-1239919766-9052 0.100158 0.000100 0.000100
2009-04-16T15:09:26-07:00 12361-1239919766-103 0.100179 0.000100 0.000100
2009-04-16T15:09:26-07:00 12361-1239919766-8248 0.100217 0.000100 0.000100
2009-04-16T15:09:27-07:00 12361-1239919766-7544 0.100210 0.000100 0.000100
2009-04-16T15:09:27-07:00 12361-1239919767-3450 0.100209 0.000100 0.000100
2009-04-16T15:09:27-07:00 12361-1239919767-5919 0.100215 0.000100 0.000100
2009-04-16T15:09:27-07:00 12361-1239919767-2254 0.100210 0.000100 0.000100
2009-04-16T15:09:27-07:00 12361-1239919767-2863 0.100208 0.000100 0.000100
2009-04-16T15:09:27-07:00 12361-1239919767-5313 0.100215 0.000100 0.000100
2009-04-16T15:09:27-07:00 12361-1239919767-4120 0.100197 0.000100 0.000100
2009-04-16T15:09:27-07:00 12361-1239919767-6980 0.100138 0.000100 0.000100
2009-04-16T15:09:27-07:00 12361-1239919767-1269 0.100207 0.000100 0.000100
2009-04-16T15:09:28-07:00 12361-1239919767-1787 0.100209 0.000100 0.000100
2009-04-16T15:09:28-07:00 12361-1239919768-504 0.100209 0.000100 0.000100
2009-04-16T15:09:28-07:00 12361-1239919768-7057 0.100222 0.000100 0.000100
2009-04-16T15:09:28-07:00 12361-1239919768-6887 0.100222 0.000100 0.000100
2009-04-16T15:09:28-07:00 12361-1239919768-4304 0.100223 0.000100 0.000100
2009-04-16T15:09:28-07:00 12361-1239919768-5469 0.100224 0.000100 0.000100
2009-04-16T15:09:28-07:00 12361-1239919768-6677 0.100223 0.000100 0.000100
2009-04-16T15:09:28-07:00 12361-1239919768-2492 0.100220 0.000100 0.000100
2009-04-16T15:09:28-07:00 12361-1239919768-7051 0.100156 0.000100 0.000100
2009-04-16T15:09:28-07:00 12361-1239919768-8033 0.100220 0.000100 0.000100
2009-04-16T15:09:29-07:00 12361-1239919768-7786 0.100222 0.000100 0.000100
2009-04-16T15:09:29-07:00 12361-1239919769-316 0.100224 0.000100 0.000100
2009-04-16T15:09:29-07:00 12361-1239919769-1715 0.100224 0.000100 0.010000
2009-04-16T15:09:29-07:00 12361-1239919769-3506 0.100223 0.000100 0.000100
2009-04-16T15:09:29-07:00 12361-1239919769-2452 0.100222 0.000100 0.000100
2009-04-16T15:09:29-07:00 12361-1239919769-1089 0.100231 0.000100 0.000100
2009-04-16T15:09:29-07:00 12361-1239919769-2483 0.100220 0.000100 0.000100
2009-04-16T15:09:29-07:00 12361-1239919769-9740 0.100197 0.000100 0.000100
2009-04-16T15:09:29-07:00 12361-1239919769-6358 0.100153 0.000100 0.000100
2009-04-16T15:09:29-07:00 12361-1239919769-6295 0.100223 0.000100 0.000100
2009-04-16T15:09:30-07:00 12361-1239919769-4717 0.100215 0.000100 0.000100
2009-04-16T15:09:30-07:00 12361-1239919770-769 0.100206 0.000100 0.000100
2009-04-16T15:09:30-07:00 12361-1239919770-199 0.100216 0.000100 0.000100
2009-04-16T15:09:30-07:00 12361-1239919770-6830 0.100216 0.000100 0.000100
2009-04-16T15:09:30-07:00 12361-1239919770-7430 0.100217 0.000100 0.000100
2009-04-16T15:09:30-07:00 12361-1239919770-9960 0.100208 0.000100 0.000100
2009-04-16T15:09:30-07:00 12361-1239919770-3466 0.100217 0.000100 0.000100
2009-04-16T15:09:30-07:00 12361-1239919770-8948 0.100215 0.000100 0.000100
2009-04-16T15:09:30-07:00 12361-1239919770-6884 0.100146 0.000100 0.000100
2009-04-16T15:09:30-07:00 12361-1239919770-8723 0.100217 0.000100 0.000100
2009-04-16T15:09:31-07:00 12361-1239919770-6729 0.100185 0.000100 0.000100
2009-04-16T15:09:31-07:00 12361-1239919771-8342 0.100216 0.000100 0.000100
2009-04-16T15:09:31-07:00 12361-1239919771-9609 0.100208 0.000100 0.000100
2009-04-16T15:09:31-07:00 12361-1239919771-1866 0.100193 0.000100 0.000100
2009-04-16T15:09:31-07:00 12361-1239919771-1381 0.100208 0.000100 0.000100
2009-04-16T15:09:31-07:00 12361-1239919771-1728 0.100207 0.000100 0.000100
2009-04-16T15:09:31-07:00 12361-1239919771-1162 0.100206 0.000100 0.000100
2009-04-16T15:09:31-07:00 12361-1239919771-7338 0.100222 0.000100 0.000100
2009-04-16T15:09:31-07:00 12361-1239919771-8168 0.100145 0.000100 0.000100
2009-04-16T15:09:31-07:00 12361-1239919771-887 0.100217 0.000100 0.000100
2009-04-16T15:09:32-07:00 12361-1239919771-5663 0.100219 0.000100 0.000100
2009-04-16T15:09:32-07:00 12361-1239919772-5523 0.100204 0.000100 0.000100
2009-04-16T15:09:32-07:00 12361-1239919772-7356 0.100208 0.000100 0.000100
2009-04-16T15:09:32-07:00 12361-1239919772-9884 0.100207 0.000100 0.000100
2009-04-16T15:09:32-07:00 12361-1239919772-6658 0.100208 0.000100 0.000100
2009-04-16T15:09:32-07:00 12361-1239919772-4033 0.100207 0.000100 0.000100
2009-04-16T15:09:32-07:00 12361-1239919772-2579 0.100227 0.000100 0.000100
2009-04-16T15:09:32-07:00 12361-1239919772-1159 0.100218 0.000100 0.000100
2009-04-16T15:09:32-07:00 12361-1239919772-1207 0.100148 0.000100 0.000100
2009-04-16T15:09:32-07:00 12361-1239919772-6314 0.100220 0.000100 0.000100
2009-04-16T15:09:33-07:00 12361-1239919772-4308 0.100219 0.000100 0.000100
2009-04-16T15:09:33-07:00 12361-1239919773-9111 0.100227 0.000100 0.000100
2009-04-16T15:09:33-07:00 12361-1239919773-485 0.100220 0.000100 0.000100
2009-04-16T15:09:33-07:00 12361-1239919773-9580 0.100248 0.000100 0.000100
2009-04-16T15:09:33-07:00 12361-1239919773-6732 0.100219 0.000100 0.000100
2009-04-16T15:09:33-07:00 12361-1239919773-952 0.100221 0.000100 0.000100
2009-04-16T15:09:33-07:00 12361-1239919773-4528 0.100221 0.000100 0.000100
2009-04-16T15:09:33-07:00 12361-1239919773-2410 0.100099 0.000100 0.000100
2009-04-16T15:09:33-07:00 12361-1239919773-5905 0.100225 0.000100 0.000100
2009-04-16T15:09:33-07:00 12361-1239919773-9483 0.100221 0.000100 0.000100
2009-04-16T15:09:34-07:00 12361-1239919773-8919 0.100220 0.000100 0.000100
2009-04-16T15:09:34-07:00 12361-1239919774-1856 0.100220 0.000100 0.000100
2009-04-16T15:09:34-07:00 12361-1239919774-897 0.100222 0.000100 0.000100
2009-04-16T15:09:34-07:00 12361-1239919774-6988 0.100221 0.000100 0.000100
2009-04-16T15:09:34-07:00 12361-1239919774-6040 0.100223 0.000100 0.000100
2009-04-16T15:09:34-07:00 12361-1239919774-1767 0.100222 0.000100 0.000100
2009-04-16T15:09:34-07:00 12361-1239919774-3534 0.100222 0.000100 0.000100
2009-04-16T15:09:34-07:00 12361-1239919774-9264 0.100151 0.000100 0.000100
2009-04-16T15:09:34-07:00 12361-1239919774-5975 0.100222 0.000100 0.000100
2009-04-16T15:09:34-07:00 12361-1239919774-6332 0.100221 0.000100 0.000100
2009-04-16T15:09:35-07:00 12361-1239919774-582 0.100229 0.000100 0.000100
2009-04-16T15:09:35-07:00 12361-1239919775-3121 0.100225 0.000100 0.000100
2009-04-16T15:09:35-07:00 12361-1239919775-382 0.100221 0.000100 0.000100
2009-04-16T15:09:35-07:00 12361-1239919775-7428 0.100222 0.000100 0.000100
2009-04-16T15:09:35-07:00 12361-1239919775-5804 0.100219 0.000100 0.000100
2009-04-16T15:09:35-07:00 12361-1239919775-5403 0.100221 0.000100 0.000100
2009-04-16T15:09:35-07:00 12361-1239919775-9313 0.100110 0.000100 0.000100
2009-04-16T15:09:35-07:00 12361-1239919775-2295 0.100154 0.000100 0.000100
2009-04-16T15:09:35-07:00 12361-1239919775-625 0.100222 0.000100 0.000100
2009-04-16T15:09:36-07:00 12361-1239919775-4585 0.100220 0.000100 0.000100
2009-04-16T15:09:36-07:00 12361-1239919776-3317 0.100220 0.000100 0.000100
2009-04-16T15:09:36-07:00 12361-1239919776-2322 0.100220 0.000100 0.000100
2009-04-16T15:09:36-07:00 12361-1239919776-5907 0.100222 0.000100 0.000100
2009-04-16T15:09:36-07:00 12361-1239919776-6603 0.100222 0.000100 0.000100
2009-04-16T15:09:36-07:00 12361-1239919776-2018 0.100219 0.000100 0.000100
2009-04-16T15:09:36-07:00 12361-1239919776-4472 0.100226 0.000100 0.000100
2009-04-16T15:09:36-07:00 12361-1239919776-2175 0.100220 0.000100 0.000100
2009-04-16T15:09:36-07:00 12361-1239919776-2405 0.100150 0.000100 0.000100
2009-04-16T15:09:36-07:00 12361-1239919776-8265 0.100219 0.000100 0.000100
2009-04-16T15:09:37-07:00 12361-1239919776-4893 0.100222 0.000100 0.000100
2009-04-16T15:09:37-07:00 12361-1239919777-6348 0.100220 0.000100 0.000100
2009-04-16T15:09:37-07:00 12361-1239919777-8262 0.100221 0.000100 0.000100
2009-04-16T15:09:37-07:00 12361-1239919777-1731 0.100263 0.000100 0.000100
2009-04-16T15:09:37-07:00 12361-1239919777-5637 0.100221 0.000100 0.000100
2009-04-16T15:09:37-07:00 12361-1239919777-2790 0.100221 0.000100 0.000100
2009-04-16T15:09:37-07:00 12361-1239919777-6337 0.100220 0.000100 0.000100
2009-04-16T15:09:37-07:00 12361-1239919777-1412 0.100220 0.000100 0.000100
2009-04-16T15:09:37-07:00 12361-1239919777-1816 0.100153 0.000100 0.000100
2009-04-16T15:09:37-07:00 12361-1239919777-8212 0.100225 0.000100 0.000100
2009-04-16T15:09:38-07:00 12361-1239919777-6536 0.100226 0.000100 0.000100
2009-04-16T15:09:38-07:00 12361-1239919778-8260 0.100205 0.000100 0.000100
2009-04-16T15:09:38-07:00 12361-1239919778-3029 0.100222 0.000100 0.000100
2009-04-16T15:09:38-07:00 12361-1239919778-3742 0.100270 0.000100 0.000100
2009-04-16T15:09:38-07:00 12361-1239919778-6584 0.100222 0.010000 0.000100
2009-04-16T15:09:38-07:00 12361-1239919778-835 0.100219 0.000100 0.000100
2009-04-16T15:09:38-07:00 12361-1239919778-4835 0.100124 0.000100 0.000100
2009-04-16T15:09:38-07:00 12361-1239919778-9922 0.100193 0.000100 0.000100
2009-04-16T15:09:38-07:00 12361-1239919778-4409 0.100157 0.000100 0.000100
2009-04-16T15:09:38-07:00 12361-1239919778-2709 0.100230 0.000100 0.000100
2009-04-16T15:09:39-07:00 12361-1239919778-6866 0.100221 0.000100 0.000100
2009-04-16T15:09:39-07:00 12361-1239919779-2417 0.100193 0.000100 0.000100
2009-04-16T15:09:39-07:00 12361-1239919779-7934 0.100220 0.000100 0.000100
2009-04-16T15:09:39-07:00 12361-1239919779-798 0.100221 0.000100 0.000100
2009-04-16T15:09:39-07:00 12361-1239919779-7436 0.100221 0.000100 0.000100
2009-04-16T15:09:39-07:00 12361-1239919779-8052 0.100219 0.000100 0.000100
2009-04-16T15:09:39-07:00 12361-1239919779-514 0.100220 0.000100 0.000100
2009-04-16T15:09:39-07:00 12361-1239919779-9968 0.100221 0.000100 0.000100
2009-04-16T15:09:39-07:00 12361-1239919779-3445 0.100146 0.000100 0.000100
2009-04-16T15:09:39-07:00 12361-1239919779-2282 0.100253 0.000100 0.000100
2009-04-16T15:09:40-07:00 12361-1239919779-4314 0.100220 0.000100 0.000100
2009-04-16T15:09:40-07:00 12361-1239919780-3822 0.100192 0.000100 0.000100
2009-04-16T15:09:40-07:00 12361-1239919780-6028 0.100219 0.000100 0.000100
2009-04-16T15:09:40-07:00 12361-1239919780-5826 0.100222 0.000100 0.000100
2009-04-16T15:09:40-07:00 12361-1239919780-3379 0.100220 0.000100 0.000100
2009-04-16T15:09:40-07:00 12361-1239919780-3549 0.100218 0.000100 0.000100
2009-04-16T15:09:40-07:00 12361-1239919780-969 0.100219 0.000100 0.000100
2009-04-16T15:09:40-07:00 12361-1239919780-6876 0.100221 0.000100 0.000100
2009-04-16T15:09:40-07:00 12361-1239919780-2092 0.100147 0.000100 0.000100
2009-04-16T15:09:40-07:00 12361-1239919780-7139 0.100220 0.000100 0.000100
2009-04-16T15:09:41-07:00 12361-1239919780-312 0.100219 0.000100 0.000100
2009-04-16T15:09:41-07:00 12361-1239919781-5111 0.100228 0.000100 0.000100
2009-04-16T15:09:41-07:00 12361-1239919781-1718 0.100254 0.000100 0.000100
2009-04-16T15:09:41-07:00 12361-1239919781-5627 0.100219 0.000100 0.000100
2009-04-16T15:09:41-07:00 12361-1239919781-8647 0.100217 0.000100 0.000100
2009-04-16T15:09:41-07:00 12361-1239919781-2122 0.100221 0.000100 0.000100
2009-04-16T15:09:41-07:00 12361-1239919781-7606 0.100221 0.000100 0.000100
2009-04-16T15:09:41-07:00 12361-1239919781-5291 0.100157 0.000100 0.000100
2009-04-16T15:09:41-07:00 12361-1239919781-628 0.100229 0.000100 0.000100
2009-04-16T15:09:41-07:00 12361-1239919781-228 0.100112 0.000100 0.000100
2009-04-16T15:09:42-07:00 12361-1239919781-9220 0.100219 0.000100 0.000100
2009-04-16T15:09:42-07:00 12361-1239919782-7612 0.100221 0.000100 0.000100
2009-04-16T15:09:42-07:00 12361-1239919782-4054 0.100221 0.000100 0.000100
2009-04-16T15:09:42-07:00 12361-1239919782-2551 0.100220 0.000100 0.000100
2009-04-16T15:09:42-07:00 12361-1239919782-3230 0.100223 0.000100 0.000100
2009-04-16T15:09:42-07:00 12361-1239919782-2429 0.100226 0.000100 0.000100
2009-04-16T15:09:42-07:00 12361-1239919782-9397 0.100222 0.000100 0.000100
2009-04-16T15:09:42-07:00 12361-1239919782-5240 0.100153 0.000100 0.000100
2009-04-16T15:09:42-07:00 12361-1239919782-7478 0.100231 0.000100 0.000100
2009-04-16T15:09:42-07:00 12361-1239919782-7450 0.100224 0.000100 0.000100
2009-04-16T15:09:43-07:00 12361-1239919782-9038 0.100220 0.000100 0.000100
2009-04-16T15:09:43-07:00 12361-1239919783-9433 0.100222 0.000100 0.000100
2009-04-16T15:09:43-07:00 12361-1239919783-4979 0.100221 0.000100 0.000100
2009-04-16T15:09:43-07:00 12361-1239919783-4715 0.100219 0.000100 0.000100
2009-04-16T15:09:43-07:00 12361-1239919783-9917 0.100153 0.000100 0.000100
2009-04-16T15:09:43-07:00 12361-1239919783-5927 0.100222 0.000100 0.000100
2009-04-16T15:09:43-07:00 12361-1239919783-2931 0.100220 0.000100 0.000100
2009-04-16T15:09:43-07:00 12361-1239919783-9711 0.100151 0.000100 0.000100
2009-04-16T15:09:43-07:00 12361-1239919783-3776 0.100199 0.000100 0.000100
2009-04-16T15:09:44-07:00 12361-1239919783-7170 0.100221 0.000100 0.000100
2009-04-16T15:09:44-07:00 12361-1239919784-6767 0.100228 0.000100 0.000100
2009-04-16T15:09:44-07:00 12361-1239919784-5422 0.100185 0.000100 0.000100
2009-04-16T15:09:44-07:00 12361-1239919784-9575 0.100220 0.000100 0.000100
2009-04-16T15:09:44-07:00 12361-1239919784-243 0.100226 0.000100 0.000100
2009-04-16T15:09:44-07:00 12361-1239919784-4990 0.100241 0.000100 0.000100
2009-04-16T15:09:44-07:00 12361-1239919784-6808 0.100219 0.000100 0.000100
2009-04-16T15:09:44-07:00 12361-1239919784-9722 0.100221 0.000100 0.000100
2009-04-16T15:09:44-07:00 12361-1239919784-5116 0.100162 0.010000 0.000100
2009-04-16T15:09:44-07:00 12361-1239919784-3396 0.100221 0.000100 0.000100
2009-04-16T15:09:45-07:00 12361-1239919784-3352 0.100217 0.000100 0.000100
2009-04-16T15:09:45-07:00 12361-1239919785-9635 0.100219 0.000100 0.000100
2009-04-16T15:09:45-07:00 12361-1239919785-5468 0.100119 0.000100 0.000100
2009-04-16T15:09:45-07:00 12361-1239919785-8862 0.100204 0.000100 0.000100
2009-04-16T15:09:45-07:00 12361-1239919785-2536 0.100221 0.000100 0.000100
2009-04-16T15:09:45-07:00 12361-1239919785-6717 0.100219 0.000100 0.000100
2009-04-16T15:09:45-07:00 12361-1239919785-8740 0.100119 0.000100 0.000100
2009-04-16T15:09:45-07:00 12361-1239919785-8279 0.100202 0.000100 0.000100
2009-04-16T15:09:45-07:00 12361-1239919785-4869 0.100152 0.000100 0.000100
2009-04-16T15:09:45-07:00 12361-1239919785-5585 0.100220 0.000100 0.000100
2009-04-16T15:09:46-07:00 12361-1239919785-868 0.100218 0.000100 0.000100
2009-04-16T15:09:46-07:00 12361-1239919786-6054 0.100221 0.000100 0.010000
2009-04-16T15:09:46-07:00 12361-1239919786-5845 0.100217 0.000100 0.000100
2009-04-16T15:09:46-07:00 12361-1239919786-4559 0.100220 0.000100 0.000100
2009-04-16T15:09:46-07:00 12361-1239919786-3755 0.100220 0.000100 0.000100
2009-04-16T15:09:46-07:00 12361-1239919786-6459 0.100228 0.000100 0.000100
2009-04-16T15:09:46-07:00 12361-1239919786-6187 0.100196 0.000100 0.000100
2009-04-16T15:09:46-07:00 12361-1239919786-2236 0.100218 0.000100 0.000100
2009-04-16T15:09:46-07:00 12361-1239919786-5845 0.100147 0.000100 0.000100
2009-04-16T15:09:46-07:00 12361-1239919786-4852 0.100220 0.000100 0.000100
2009-04-16T15:09:47-07:00 12361-1239919786-7570 0.100218 0.000100 0.000100
2009-04-16T15:09:47-07:00 12361-1239919787-5101 0.100218 0.000100 0.000100
2009-04-16T15:09:47-07:00 12361-1239919787-6917 0.100219 0.000100 0.000100
2009-04-16T15:09:47-07:00 12361-1239919787-9343 0.100218 0.000100 0.000100
2009-04-16T15:09:47-07:00 12361-1239919787-4007 0.100219 0.000100 0.000100
2009-04-16T15:09:47-07:00 12361-1239919787-7903 0.100220 0.000100 0.000100
2009-04-16T15:09:47-07:00 12361-1239919787-4537 0.100240 0.000100 0.000100
2009-04-16T15:09:47-07:00 12361-1239919787-3314 0.100203 0.000100 0.000100
2009-04-16T15:09:47-07:00 12361-1239919787-624 0.100133 0.000100 0.000100
2009-04-16T15:09:47-07:00 12361-1239919787-3886 0.100216 0.000100 0.000100
2009-04-16T15:09:48-07:00 12361-1239919787-2275 0.100206 0.000100 0.000100
2009-04-16T15:09:48-07:00 12361-1239919788-3566 0.100204 0.000100 0.000100
2009-04-16T15:09:48-07:00 12361-1239919788-5735 0.100203 0.000100 0.000100
2009-04-16T15:09:48-07:00 12361-1239919788-8669 0.100205 0.000100 0.000100
2009-04-16T15:09:48-07:00 12361-1239919788-7296 0.100176 0.000100 0.000100
2009-04-16T15:09:48-07:00 12361-1239919788-7300 0.100204 0.000100 0.000100
2009-04-16T15:09:48-07:00 12361-1239919788-8518 0.100203 0.000100 0.000100
2009-04-16T15:09:48-07:00 12361-1239919788-6195 0.100205 0.000100 0.000100
2009-04-16T15:09:48-07:00 12361-1239919788-6800 0.100143 0.000100 0.000100
2009-04-16T15:09:48-07:00 12361-1239919788-5081 0.100206 0.000100 0.000100
2009-04-16T15:09:49-07:00 12361-1239919788-5621 0.100215 0.000100 0.000100
2009-04-16T15:09:49-07:00 12361-1239919789-8881 0.100215 0.000100 0.000100
2009-04-16T15:09:49-07:00 12361-1239919789-4377 0.100195 0.000100 0.000100
2009-04-16T15:09:49-07:00 12361-1239919789-5102 0.100166 0.000100 0.000100
2009-04-16T15:09:49-07:00 12361-1239919789-1415 0.100207 0.000100 0.000100
2009-04-16T15:09:49-07:00 12361-1239919789-788 0.100217 0.000100 0.000100
2009-04-16T15:09:49-07:00 12361-1239919789-876 0.100206 0.000100 0.000100
2009-04-16T15:09:49-07:00 12361-1239919789-9332 0.100074 0.000100 0.000100
2009-04-16T15:09:49-07:00 12361-1239919789-8377 0.100216 0.000100 0.000100
2009-04-16T15:09:49-07:00 12361-1239919789-9721 0.100215 0.000100 0.000100
2009-04-16T15:09:50-07:00 12361-1239919789-5910 0.100206 0.000100 0.000100
2009-04-16T15:09:50-07:00 12361-1239919790-6960 0.100206 0.000100 0.000100
2009-04-16T15:09:50-07:00 12361-1239919790-9407 0.100204 0.000100 0.000100
2009-04-16T15:09:50-07:00 12361-1239919790-7288 0.100214 0.000100 0.000100
2009-04-16T15:09:50-07:00 12361-1239919790-1268 0.100203 0.000100 0.000100
2009-04-16T15:09:50-07:00 12361-1239919790-3338 0.100220 0.000100 0.000100
2009-04-16T15:09:50-07:00 12361-1239919790-8462 0.100219 0.000100 0.000100
2009-04-16T15:09:50-07:00 12361-1239919790-2976 0.100139 0.000100 0.000100
2009-04-16T15:09:50-07:00 12361-1239919790-9642 0.100207 0.000100 0.000100
2009-04-16T15:09:50-07:00 12361-1239919790-4938 0.100219 0.000100 0.000100
2009-04-16T15:09:51-07:00 12361-1239919790-6734 0.100222 0.000100 0.000100
2009-04-16T15:09:51-07:00 12361-1239919791-7968 0.100192 0.000100 0.000100
2009-04-16T15:09:51-07:00 12361-1239919791-5451 0.100219 0.000100 0.000100
2009-04-16T15:09:51-07:00 12361-1239919791-6084 0.100226 0.000100 0.000100
2009-04-16T15:09:51-07:00 12361-1239919791-458 0.100221 0.000100 0.000100
2009-04-16T15:09:51-07:00 12361-1239919791-3416 0.100220 0.000100 0.000100
2009-04-16T15:09:51-07:00 12361-1239919791-8333 0.100218 0.000100 0.000100
2009-04-16T15:09:51-07:00 12361-1239919791-1010 0.100058 0.000100 0.000100
2009-04-16T15:09:51-07:00 12361-1239919791-1058 0.100223 0.000100 0.000100
2009-04-16T15:09:52-07:00 12361-1239919791-6552 0.100216 0.000100 0.000100
2009-04-16T15:09:52-07:00 12361-1239919792-3904 0.100117 0.000100 0.000100
2009-04-16T15:09:52-07:00 12361-1239919792-1598 0.100206 0.000100 0.000100
2009-04-16T15:09:52-07:00 12361-1239919792-7482 0.100203 0.000100 0.000100
2009-04-16T15:09:52-07:00 12361-1239919792-5796 0.100212 0.000100 0.000100
2009-04-16T15:09:52-07:00 12361-1239919792-8502 0.100208 0.000100 0.000100
2009-04-16T15:09:52-07:00 12361-1239919792-3770 0.100214 0.000100 0.000100
2009-04-16T15:09:52-07:00 12361-1239919792-7438 0.100215 0.000100 0.000100
2009-04-16T15:09:52-07:00 12361-1239919792-3600 0.100136 0.000100 0.000100
2009-04-16T15:09:52-07:00 12361-1239919792-3241 0.100206 0.000100 0.000100
2009-04-16T15:09:53-07:00 12361-1239919792-942 0.100217 0.000100 0.000100
2009-04-16T15:09:53-07:00 12361-1239919793-5237 0.100214 0.000100 0.000100
2009-04-16T15:09:53-07:00 12361-1239919793-8650 0.100203 0.000100 0.000100
2009-04-16T15:09:53-07:00 12361-1239919793-4276 0.100215 0.000100 0.000100
2009-04-16T15:09:53-07:00 12361-1239919793-485 0.100217 0.000100 0.000100
2009-04-16T15:09:53-07:00 12361-1239919793-5069 0.100206 0.000100 0.000100
2009-04-16T15:09:53-07:00 12361-1239919793-1601 0.100214 0.000100 0.000100
2009-04-16T15:09:53-07:00 12361-1239919793-3906 0.100213 0.000100 0.000100
2009-04-16T15:09:53-07:00 12361-1239919793-762 0.100042 0.000100 0.000100
2009-04-16T15:09:53-07:00 12361-1239919793-8467 0.100207 0.000100 0.000100
2009-04-16T15:09:54-07:00 12361-1239919793-1368 0.100205 0.000100 0.000100
2009-04-16T15:09:54-07:00 12361-1239919794-6155 0.100207 0.000100 0.000100
2009-04-16T15:09:54-07:00 12361-1239919794-8468 0.100208 0.000100 0.000100
2009-04-16T15:09:54-07:00 12361-1239919794-3548 0.100235 0.000100 0.000100
2009-04-16T15:09:54-07:00 12361-1239919794-6830 0.100212 0.000100 0.000100
2009-04-16T15:09:54-07:00 12361-1239919794-4044 0.100206 0.000100 0.000100
2009-04-16T15:09:54-07:00 12361-1239919794-9727 0.100208 0.000100 0.000100
2009-04-16T15:09:54-07:00 12361-1239919794-9918 0.100134 0.000100 0.000100
2009-04-16T15:09:54-07:00 12361-1239919794-8007 0.100129 0.000100 0.000100
2009-04-16T15:09:54-07:00 12361-1239919794-3220 0.100210 0.000100 0.000100
2009-04-16T15:09:55-07:00 12361-1239919794-8890 0.100189 0.000100 0.000100
2009-04-16T15:09:55-07:00 12361-1239919795-8279 0.100214 0.000100 0.000100
2009-04-16T15:09:55-07:00 12361-1239919795-1951 0.100208 0.000100 0.000100
2009-04-16T15:09:55-07:00 12361-1239919795-4874 0.100218 0.000100 0.000100
2009-04-16T15:09:55-07:00 12361-1239919795-1895 0.100209 0.000100 0.000100
2009-04-16T15:09:55-07:00 12361-1239919795-6073 0.100210 0.000100 0.000100
2009-04-16T15:09:55-07:00 12361-1239919795-7090 0.100183 0.000100 0.000100
2009-04-16T15:09:55-07:00 12361-1239919795-5527 0.100170 0.000100 0.000100
2009-04-16T15:09:55-07:00 12361-1239919795-352 0.100186 0.000100 0.000100
2009-04-16T15:09:55-07:00 12361-1239919795-745 0.100209 0.000100 0.000100
2009-04-16T15:09:56-07:00 12361-1239919795-4290 0.100206 0.000100 0.000100
2009-04-16T15:09:56-07:00 12361-1239919796-6365 0.100207 0.000100 0.000100
2009-04-16T15:09:56-07:00 12361-1239919796-1859 0.100207 0.000100 0.000100
2009-04-16T15:09:56-07:00 12361-1239919796-8358 0.100214 0.000100 0.000100
2009-04-16T15:09:56-07:00 12361-1239919796-5512 0.100217 0.000100 0.000100
2009-04-16T15:09:56-07:00 12361-1239919796-5571 0.100218 0.000100 0.000100
2009-04-16T15:09:56-07:00 12361-1239919796-5370 0.100213 0.000100 0.000100
2009-04-16T15:09:56-07:00 12361-1239919796-5161 0.100143 0.000100 0.000100
2009-04-16T15:09:56-07:00 12361-1239919796-7250 0.100222 0.000100 0.000100
2009-04-16T15:09:56-07:00 12361-1239919796-6792 0.100217 0.000100 0.000100
2009-04-16T15:09:57-07:00 12361-1239919796-4637 0.100216 0.000100 0.000100
2009-04-16T15:09:57-07:00 12361-1239919797-193 0.100204 0.000100 0.000100
2009-04-16T15:09:57-07:00 12361-1239919797-556 0.100204 0.000100 0.000100
2009-04-16T15:09:57-07:00 12361-1239919797-871 0.100205 0.000100 0.000100
2009-04-16T15:09:57-07:00 12361-1239919797-7356 0.100211 0.000100 0.000100
2009-04-16T15:09:57-07:00 12361-1239919797-6523 0.100217 0.000100 0.000100
2009-04-16T15:09:57-07:00 12361-1239919797-6202 0.100205 0.010000 0.000100
2009-04-16T15:09:57-07:00 12361-1239919797-4125 0.100164 0.000100 0.000100
2009-04-16T15:09:57-07:00 12361-1239919797-4243 0.100218 0.000100 0.000100
2009-04-16T15:09:57-07:00 12361-1239919797-1579 0.100218 0.000100 0.000100
2009-04-16T15:09:58-07:00 12361-1239919797-6956 0.100220 0.000100 0.000100
2009-04-16T15:09:58-07:00 12361-1239919798-1958 0.100226 0.000100 0.000100
2009-04-16T15:09:58-07:00 12361-1239919798-5061 0.100225 0.000100 0.000100
2009-04-16T15:09:58-07:00 12361-1239919798-5610 0.100195 0.000100 0.000100
2009-04-16T15:09:58-07:00 12361-1239919798-486 0.100219 0.000100 0.000100
2009-04-16T15:09:58-07:00 12361-1239919798-9536 0.100223 0.000100 0.000100
2009-04-16T15:09:58-07:00 12361-1239919798-9988 0.100221 0.000100 0.000100
2009-04-16T15:09:58-07:00 12361-1239919798-8699 0.100129 0.000100 0.000100
2009-04-16T15:09:58-07:00 12361-1239919798-4160 0.100217 0.000100 0.000100
2009-04-16T15:09:59-07:00 12361-1239919798-32 0.100219 0.000100 0.000100
2009-04-16T15:09:59-07:00 12361-1239919799-4082 0.100222 0.000100 0.000100
2009-04-16T15:09:59-07:00 12361-1239919799-163 0.100220 0.000100 0.000100
2009-04-16T15:09:59-07:00 12361-1239919799-7218 0.100128 0.000100 0.000100
2009-04-16T15:09:59-07:00 12361-1239919799-6118 0.100203 0.000100 0.000100
2009-04-16T15:09:59-07:00 12361-1239919799-252 0.100219 0.000100 0.000100
2009-04-16T15:09:59-07:00 12361-1239919799-4996 0.100223 0.000100 0.000100
2009-04-16T15:09:59-07:00 12361-1239919799-319 0.100220 0.000100 0.000100
2009-04-16T15:09:59-07:00 12361-1239919799-860 0.100152 0.000100 0.000100
2009-04-16T15:09:59-07:00 12361-1239919799-3205 0.100219 0.000100 0.000100
2009-04-16T15:10:00-07:00 12361-1239919799-5427 0.100225 0.000100 0.000100
2009-04-16T15:10:00-07:00 12361-1239919800-1422 0.100227 0.000100 0.000100
2009-04-16T15:10:00-07:00 12361-1239919800-5395 0.100231 0.000100 0.000100
2009-04-16T15:10:00-07:00 12361-1239919800-7895 0.100222 0.000100 0.000100
2009-04-16T15:10:00-07:00 12361-1239919800-4810 0.100226 0.000100 0.000100
2009-04-16T15:10:00-07:00 12361-1239919800-3581 0.100226 0.000100 0.000100
2009-04-16T15:10:00-07:00 12361-1239919800-7325 0.100228 0.000100 0.000100
2009-04-16T15:10:00-07:00 12361-1239919800-5326 0.100221 0.000100 0.000100
2009-04-16T15:10:00-07:00 12361-1239919800-2608 0.100159 0.000100 0.000100
2009-04-16T15:10:00-07:00 12361-1239919800-4191 0.100221 0.000100 0.000100
2009-04-16T15:10:01-07:00 12361-1239919800-5028 0.100218 0.000100 0.000100
2009-04-16T15:10:01-07:00 12361-1239919801-6919 0.100194 0.000100 0.000100
2009-04-16T15:10:01-07:00 12361-1239919801-8925 0.100220 0.000100 0.000100
2009-04-16T15:10:01-07:00 12361-1239919801-2775 0.100219 0.000100 0.000100
2009-04-16T15:10:01-07:00 12361-1239919801-6417 0.100219 0.000100 0.000100
2009-04-16T15:10:01-07:00 12361-1239919801-6328 0.100222 0.000100 0.000100
2009-04-16T15:10:01-07:00 12361-1239919801-7466 0.100194 0.000100 0.000100
2009-04-16T15:10:01-07:00 12361-1239919801-9400 0.100219 0.000100 0.000100
2009-04-16T15:10:01-07:00 12361-1239919801-1163 0.100147 0.000100 0.000100
2009-04-16T15:10:01-07:00 12361-1239919801-6984 0.100206 0.000100 0.000100
2009-04-16T15:10:02-07:00 12361-1239919801-2611 0.100208 0.000100 0.000100
2009-04-16T15:10:02-07:00 12361-1239919802-8684 0.100206 0.000100 0.000100
2009-04-16T15:10:02-07:00 12361-1239919802-9899 0.100204 0.000100 0.000100
2009-04-16T15:10:02-07:00 12361-1239919802-2314 0.100206 0.000100 0.000100
2009-04-16T15:10:02-07:00 12361-1239919802-2854 0.100206 0.000100 0.000100
2009-04-16T15:10:02-07:00 12361-1239919802-7868 0.100206 0.000100 0.000100
2009-04-16T15:10:02-07:00 12361-1239919802-490 0.100203 0.000100 0.000100
2009-04-16T15:10:02-07:00 12361-1239919802-5557 0.100223 0.000100 0.000100
2009-04-16T15:10:02-07:00 12361-1239919802-210 0.100144 0.000100 0.000100
2009-04-16T15:10:02-07:00 12361-1239919802-7819 0.100239 0.000100 0.000100
2009-04-16T15:10:03-07:00 12361-1239919802-6155 0.100224 0.000100 0.000100
2009-04-16T15:10:03-07:00 12361-1239919803-7194 0.100226 0.000100 0.000100
2009-04-16T15:10:03-07:00 12361-1239919803-9639 0.100216 0.000100 0.000100
2009-04-16T15:10:03-07:00 12361-1239919803-1377 0.100219 0.000100 0.000100
2009-04-16T15:10:03-07:00 12361-1239919803-6564 0.100204 0.000100 0.000100
2009-04-16T15:10:03-07:00 12361-1239919803-1165 0.100211 0.000100 0.000100
2009-04-16T15:10:03-07:00 12361-1239919803-9329 0.100206 0.000100 0.000100
2009-04-16T15:10:03-07:00 12361-1239919803-1510 0.100143 0.000100 0.000100
2009-04-16T15:10:03-07:00 12361-1239919803-5608 0.100106 0.000100 0.000100
2009-04-16T15:10:03-07:00 12361-1239919803-6809 0.100218 0.000100 0.000100
2009-04-16T15:10:04-07:00 12361-1239919803-3288 0.100224 0.000100 0.000100
2009-04-16T15:10:04-07:00 12361-1239919804-3257 0.100222 0.000100 0.000100
2009-04-16T15:10:04-07:00 12361-1239919804-8877 0.100221 0.000100 0.000100
2009-04-16T15:10:04-07:00 12361-1239919804-3028 0.100190 0.000100 0.000100
2009-04-16T15:10:04-07:00 12361-1239919804-7714 0.100218 0.000100 0.000100
2009-04-16T15:10:04-07:00 12361-1239919804-2365 0.100219 0.000100 0.000100
2009-04-16T15:10:04-07:00 12361-1239919804-4753 0.100219 0.000100 0.000100
2009-04-16T15:10:04-07:00 12361-1239919804-8301 0.100141 0.000100 0.000100
2009-04-16T15:10:04-07:00 12361-1239919804-2820 0.100221 0.000100 0.000100
2009-04-16T15:10:04-07:00 12361-1239919804-3769 0.100203 0.000100 0.000100
2009-04-16T15:10:05-07:00 12361-1239919804-1518 0.100217 0.000100 0.000100
2009-04-16T15:10:05-07:00 12361-1239919805-1734 0.100206 0.000100 0.000100
2009-04-16T15:10:05-07:00 12361-1239919805-1337 0.100215 0.000100 0.000100
2009-04-16T15:10:05-07:00 12361-1239919805-9826 0.100206 0.000100 0.000100
2009-04-16T15:10:05-07:00 12361-1239919805-9297 0.100213 0.000100 0.000100
2009-04-16T15:10:05-07:00 12361-1239919805-411 0.100209 0.000100 0.000100
2009-04-16T15:10:05-07:00 12361-1239919805-6997 0.100216 0.000100 0.000100
2009-04-16T15:10:05-07:00 12361-1239919805-846 0.100139 0.000100 0.000100
2009-04-16T15:10:05-07:00 12361-1239919805-3389 0.100216 0.000100 0.000100
2009-04-16T15:10:05-07:00 12361-1239919805-4574 0.100204 0.000100 0.000100
2009-04-16T15:10:06-07:00 12361-1239919805-4162 0.100207 0.000100 0.000100
2009-04-16T15:10:06-07:00 12361-1239919806-293 0.100213 0.000100 0.000100
2009-04-16T15:10:06-07:00 12361-1239919806-7603 0.100216 0.000100 0.000100
2009-04-16T15:10:06-07:00 12361-1239919806-1748 0.100204 0.000100 0.000100
2009-04-16T15:10:06-07:00 12361-1239919806-1654 0.100215 0.000100 0.000100
2009-04-16T15:10:06-07:00 12361-1239919806-7464 0.100206 0.000100 0.000100
2009-04-16T15:10:06-07:00 12361-1239919806-5485 0.100207 0.000100 0.000100
2009-04-16T15:10:06-07:00 12361-1239919806-4025 0.100110 0.000100 0.000100
2009-04-16T15:10:06-07:00 12361-1239919806-2652 0.100209 0.000100 0.000100
2009-04-16T15:10:07-07:00 12361-1239919806-2322 0.100215 0.000100 0.000100
2009-04-16T15:10:07-07:00 12361-1239919807-4052 0.100206 0.000100 0.000100
2009-04-16T15:10:07-07:00 12361-1239919807-2768 0.100347 0.000100 0.000100
2009-04-16T15:10:07-07:00 12361-1239919807-8811 0.100214 0.000100 0.000100
2009-04-16T15:10:07-07:00 12361-1239919807-9060 0.100219 0.000100 0.000100
2009-04-16T15:10:07-07:00 12361-1239919807-4811 0.100127 0.000100 0.000100
2009-04-16T15:10:07-07:00 12361-1239919807-961 0.100212 0.000100 0.000100
2009-04-16T15:10:07-07:00 12361-1239919807-6289 0.100197 0.000100 0.000100
2009-04-16T15:10:07-07:00 12361-1239919807-9902 0.100150 0.000100 0.000100
2009-04-16T15:10:07-07:00 12361-1239919807-9390 0.100220 0.000100 0.000100
2009-04-16T15:10:08-07:00 12361-1239919807-2933 0.100227 0.000100 0.000100
2009-04-16T15:10:08-07:00 12361-1239919808-6209 0.100191 0.000100 0.000100
2009-04-16T15:10:08-07:00 12361-1239919808-7039 0.100105 0.000100 0.000100
2009-04-16T15:10:08-07:00 12361-1239919808-6975 0.100102 0.000100 0.000100
2009-04-16T15:10:08-07:00 12361-1239919808-4601 0.100217 0.000100 0.000100
2009-04-16T15:10:08-07:00 12361-1239919808-9320 0.100251 0.000100 0.000100
2009-04-16T15:10:08-07:00 12361-1239919808-6071 0.100221 0.000100 0.000100
2009-04-16T15:10:08-07:00 12361-1239919808-1896 0.100226 0.000100 0.000100
2009-04-16T15:10:08-07:00 12361-1239919808-2712 0.100151 0.000100 0.000100
2009-04-16T15:10:08-07:00 12361-1239919808-5509 0.100190 0.000100 0.000100
2009-04-16T15:10:09-07:00 12361-1239919808-8714 0.100178 0.000100 0.000100
2009-04-16T15:10:09-07:00 12361-1239919809-5840 0.100158 0.000100 0.000100
2009-04-16T15:10:09-07:00 12361-1239919809-8872 0.100216 0.000100 0.000100
2009-04-16T15:10:09-07:00 12361-1239919809-4131 0.100211 0.000100 0.000100
2009-04-16T15:10:09-07:00 12361-1239919809-8205 0.100107 0.000100 0.000100
2009-04-16T15:10:09-07:00 12361-1239919809-1809 0.100183 0.000100 0.000100
2009-04-16T15:10:09-07:00 12361-1239919809-4369 0.100186 0.000100 0.000100
2009-04-16T15:10:09-07:00 12361-1239919809-4211 0.100216 0.000100 0.000100
2009-04-16T15:49:00-07:00 12361-1239922140-9318 0.100220 0.000100 0.000100
2009-04-16T15:49:06-07:00 12361-1239922145-4262 0.100224 0.000100 0.000100
2009-04-16T15:49:06-07:00 12361-1239922146-6491 0.100215 0.000100 0.000100
2009-04-16T15:49:06-07:00 12361-1239922146-5483 0.100220 0.000100 0.000100
2009-04-16T15:49:08-07:00 12361-1239922148-2051 0.100220 0.000100 0.000100
2009-04-16T15:49:08-07:00 12361-1239922148-9305 0.100218 0.000100 0.000100
2009-04-16T15:49:09-07:00 12361-1239922149-1074 0.100149 0.000100 0.000100
2009-04-16T16:27:28-07:00 12361-1239924448-3644 0.100207 0.000100 0.000100
2009-04-16T16:27:29-07:00 12361-1239924449-3298 0.100142 0.000100 0.000100
2009-04-16T16:27:29-07:00 12361-1239924449-9976 0.100207 0.000100 0.000100
2009-04-16T16:27:29-07:00 12361-1239924449-4605 0.100215 0.000100 0.000100
# Fields: job_user job_sys job_real
# Fields: job_user job_sys job_real
# Fields: job_user job_sys job_real
# Fields: job_user job_sys job_real
# Fields: job_user job_sys job_real
# Fields: job_user job_sys job_real
# Fields: job_user job_sys job_real
# Fields: job_user job_sys job_real
# Fields: job_user job_sys job_real
# Fields: job_user job_sys job_real
# Fields: job_user job_sys job_real
# Fields: job_user job_sys job_real
# Fields: job_user job_sys job_real
# Fields: job_user job_sys job_real
# Fields: job_user job_sys job_real
# Fields: job_user job_sys job_real
# Fields: job_user job_sys job_real
# Fields: job_user job_sys job_real
# Fields: job_user job_sys job_real
# Fields: job_user job_sys job_real
# Fields: job_user job_sys job_real
# Fields: job_user job_sys job_real
# Fields: job_user job_sys job_real
# Fields: job_user job_sys job_real
# Fields: job_user job_sys job_real
# Fields: job_user job_sys job_real
# Fields: job_user job_sys job_real
# Fields: job_user job_sys job_real
# Fields: job_user job_sys job_real
# Fields: job_user job_sys job_real
# Fields: job_user job_sys job_real
# Fields: job_user job_sys job_real
# Fields: job_user job_sys job_real
# Fields: job_user job_sys job_real
# Fields: job_user job_sys job_real
2009-04-16T16:39:16-07:00 12846-1239925155-708 0.100338 0.000100 0.000100
2009-04-16T16:39:16-07:00 12846-1239925156-1278 0.100214 0.000100 0.000100
# Fields: job_user job_sys job_real
2009-04-16T16:39:30-07:00 12870-1239925170-2160 0.100368 0.000100 0.000100
# Fields: job_user job_sys job_real
# Fields: job_user job_sys job_real
# Fields: job_user job_sys job_real
# Fields: job_user job_sys job_real
# Fields: job_user job_sys job_real
# Fields: job_user job_sys job_real
# Fields: job_user job_sys job_real
# Fields: job_user job_sys job_real
# Fields: job_user job_sys job_real
# Fields: job_user job_sys job_real
2009-04-16T16:40:12-07:00 12895-1239925212-6214 0.100339 0.000100 0.000100
2009-04-16T16:40:15-07:00 12894-1239925215-4828 0.100345 0.000100 0.000100
2009-04-16T16:40:15-07:00 12894-1239925215-2173 0.100226 0.000100 0.000100
2009-04-16T16:40:33-07:00 12894-1239925233-3088 0.100229 0.000100 0.000100
2009-04-16T16:40:33-07:00 12894-1239925233-8899 0.100226 0.000100 0.000100
2009-04-16T16:40:37-07:00 12895-1239925237-4962 0.100226 0.000100 0.000100
2009-04-16T16:40:37-07:00 12895-1239925237-1147 0.100260 0.000100 0.000100
2009-04-16T16:41:26-07:00 12894-1239925286-6518 0.100212 0.000100 0.000100
2009-04-16T16:41:27-07:00 12894-1239925287-1483 0.100209 0.000100 0.000100
2009-04-16T16:41:31-07:00 12894-1239925291-8667 0.100153 0.000100 0.000100
2009-04-16T16:41:31-07:00 12894-1239925291-5620 0.100219 0.000100 0.000100
2009-04-16T16:41:31-07:00 12894-1239925291-4415 0.100219 0.000100 0.000100
2009-04-16T16:41:31-07:00 12894-1239925291-2708 0.100152 0.000100 0.000100
2009-04-16T16:41:32-07:00 12894-1239925291-8906 0.100138 0.000100 0.000100
2009-04-16T16:41:32-07:00 12894-1239925292-1911 0.100116 0.000100 0.000100
2009-04-16T16:41:32-07:00 12894-1239925292-1758 0.100220 0.000100 0.000100
2009-04-16T16:41:32-07:00 12894-1239925292-3637 0.100155 0.000100 0.000100
2009-04-16T16:41:32-07:00 12894-1239925292-9207 0.100225 0.000100 0.000100
2009-04-16T16:41:32-07:00 12894-1239925292-3630 0.100225 0.000100 0.000100
2009-04-16T16:41:32-07:00 12894-1239925292-2795 0.100224 0.000100 0.000100
2009-04-16T16:41:33-07:00 12894-1239925292-7685 0.100229 0.000100 0.000100
2009-04-16T16:41:33-07:00 12894-1239925293-5809 0.100225 0.000100 0.000100
2009-04-16T16:41:33-07:00 12894-1239925293-1905 0.100220 0.000100 0.000100
2009-04-16T16:41:33-07:00 12894-1239925293-3587 0.100162 0.000100 0.000100
2009-04-16T16:41:33-07:00 12894-1239925293-8865 0.100231 0.000100 0.000100
2009-04-16T16:41:33-07:00 12894-1239925293-2388 0.100231 0.000100 0.000100
# Fields: job_user job_sys job_real
# Fields: job_user job_sys job_real
# Fields: job_user job_sys job_real
# Fields: job_user job_sys job_real
# Fields: job_user job_sys job_real
# Fields: job_user job_sys job_real
# Fields: job_user job_sys job_real
# Fields: job_user job_sys job_real
# Fields: job_user job_sys job_real
# Fields: job_user job_sys job_real
2009-04-16T16:46:06-07:00 13011-1239925566-8856 0.100394 0.000100 0.000100
2009-04-16T16:46:06-07:00 13011-1239925566-1744 0.100225 0.000100 0.000100
2009-04-16T16:46:53-07:00 13011-1239925613-2870 0.100212 0.000100 0.000100
2009-04-16T16:46:53-07:00 13011-1239925613-2494 0.100187 0.000100 0.000100
2009-04-16T16:46:54-07:00 13011-1239925614-7975 0.100219 0.000100 0.000100
2009-04-16T16:47:01-07:00 13011-1239925621-8650 0.100230 0.000100 0.000100
2009-04-16T16:47:02-07:00 13011-1239925621-908 0.100213 0.000100 0.000100
2009-04-16T16:47:02-07:00 13011-1239925622-6468 0.100211 0.000100 0.000100
2009-04-16T16:47:02-07:00 13011-1239925622-9970 0.100220 0.000100 0.000100
2009-04-16T16:47:02-07:00 13011-1239925622-535 0.100212 0.000100 0.000100
2009-04-16T16:47:02-07:00 13011-1239925622-1591 0.100211 0.000100 0.000100
2009-04-16T16:47:02-07:00 13011-1239925622-6253 0.100240 0.000100 0.000100
2009-04-16T16:47:17-07:00 13011-1239925637-6547 0.100195 0.000100 0.000100
2009-04-16T16:47:17-07:00 13011-1239925637-3158 0.100210 0.000100 0.000100
2009-04-16T16:47:18-07:00 13011-1239925638-2852 0.100141 0.000100 0.000100
2009-04-16T16:47:18-07:00 13011-1239925638-9842 0.100227 0.000100 0.000100
2009-04-16T16:47:18-07:00 13011-1239925638-7160 0.100141 0.000100 0.000100
2009-04-16T16:47:18-07:00 13011-1239925638-6601 0.100230 0.000100 0.000100
2009-04-16T16:47:18-07:00 13011-1239925638-9143 0.100138 0.000100 0.000100
2009-04-16T16:48:11-07:00 13012-1239925691-2445 0.100336 0.000100 0.000100
2009-04-16T16:48:11-07:00 13013-1239925691-8829 0.100288 0.000100 0.000100
2009-04-16T16:48:15-07:00 13014-1239925695-7215 0.100323 0.000100 0.000100
2009-04-16T16:48:15-07:00 13015-1239925695-9791 0.100333 0.000100 0.000100
2009-04-16T16:48:15-07:00 13016-1239925695-5056 0.100319 0.000100 0.000100
2009-04-16T16:48:15-07:00 13017-1239925695-4129 0.100328 0.000100 0.000100
2009-04-16T16:48:16-07:00 13018-1239925695-5641 0.100329 0.000100 0.000100
2009-04-16T16:48:16-07:00 13019-1239925696-3832 0.100329 0.000100 0.000100
2009-04-16T16:48:16-07:00 13020-1239925696-5993 0.100254 0.000100 0.000100
2009-04-16T16:48:20-07:00 13011-1239925700-6747 0.100222 0.000100 0.000100
2009-04-16T16:48:20-07:00 13012-1239925700-8170 0.100224 0.000100 0.000100
2009-04-16T16:48:21-07:00 13013-1239925700-1664 0.100209 0.000100 0.000100
2009-04-16T16:48:21-07:00 13014-1239925701-9194 0.100210 0.000100 0.000100
2009-04-16T16:48:21-07:00 13015-1239925701-9609 0.100152 0.000100 0.000100
2009-04-16T16:48:21-07:00 13016-1239925701-19 0.100209 0.000100 0.000100
